CRITICAL - 2024-07-24 15:05:25 --> ErrorException: Array to string conversion
[Method: GET, Route: Load_Page/get_shopping_cart]
in APPPATH\Views\cart_list.php on line 181.
 1 APPPATH\Views\cart_list.php(181): CodeIgniter\Debug\Exceptions->errorHandler(2, 'Array to string conversion', 'C:\\htdocs\\CI4_home\\app\\Views\\cart_list.php', 181)
 2 SYSTEMPATH\View\View.php(234): include('C:\\htdocs\\CI4_home\\app\\Views\\cart_list.php')
 3 SYSTEMPATH\View\View.php(237): CodeIgniter\View\View->CodeIgniter\View\{closure}()
 4 SYSTEMPATH\Common.php(1171): CodeIgniter\View\View->render('cart_list', [], true)
 5 APPPATH\Controllers\Load_page.php(20): view('cart_list')
 6 SYSTEMPATH\CodeIgniter.php(933): App\Controllers\Load_page->get_shopping_cart()
 7 SYSTEMPATH\CodeIgniter.php(509): CodeIgniter\CodeIgniter->runController(Object(App\Controllers\Load_page))
 8 SYSTEMPATH\CodeIgniter.php(355): CodeIgniter\CodeIgniter->handleRequest(null, Object(Config\Cache), false)
 9 SYSTEMPATH\Boot.php(325): CodeIgniter\CodeIgniter->run()
10 SYSTEMPATH\Boot.php(67): CodeIgniter\Boot::runCodeIgniter(Object(CodeIgniter\CodeIgniter))
11 FCPATH\index.php(56): CodeIgniter\Boot::bootWeb(Object(Config\Paths))
CRITICAL - 2024-07-24 15:09:40 --> ErrorException: require_once(): http:// wrapper is disabled in the server configuration by allow_url_include=0
[Method: GET, Route: Load_Page/get_shopping_cart]
in APPPATH\Views\cart_list.php on line 132.
 1 APPPATH\Views\cart_list.php(132): CodeIgniter\Debug\Exceptions->errorHandler(2, 'require_once(): http:// wrapper is disabled in the server configuration by allow_url_include=0', 'C:\\htdocs\\CI4_home\\app\\Views\\cart_list.php', 132)
 2 APPPATH\Views\cart_list.php(132): require_once()
 3 SYSTEMPATH\View\View.php(234): include('C:\\htdocs\\CI4_home\\app\\Views\\cart_list.php')
 4 SYSTEMPATH\View\View.php(237): CodeIgniter\View\View->CodeIgniter\View\{closure}()
 5 SYSTEMPATH\Common.php(1171): CodeIgniter\View\View->render('cart_list', [], true)
 6 APPPATH\Controllers\Load_page.php(20): view('cart_list')
 7 SYSTEMPATH\CodeIgniter.php(933): App\Controllers\Load_page->get_shopping_cart()
 8 SYSTEMPATH\CodeIgniter.php(509): CodeIgniter\CodeIgniter->runController(Object(App\Controllers\Load_page))
 9 SYSTEMPATH\CodeIgniter.php(355): CodeIgniter\CodeIgniter->handleRequest(null, Object(Config\Cache), false)
10 SYSTEMPATH\Boot.php(325): CodeIgniter\CodeIgniter->run()
11 SYSTEMPATH\Boot.php(67): CodeIgniter\Boot::runCodeIgniter(Object(CodeIgniter\CodeIgniter))
12 FCPATH\index.php(56): CodeIgniter\Boot::bootWeb(Object(Config\Paths))
CRITICAL - 2024-07-24 15:11:11 --> ErrorException: require_once(): http:// wrapper is disabled in the server configuration by allow_url_include=0
[Method: GET, Route: Load_Page/get_shopping_cart]
in APPPATH\Views\cart_list.php on line 133.
 1 APPPATH\Views\cart_list.php(133): CodeIgniter\Debug\Exceptions->errorHandler(2, 'require_once(): http:// wrapper is disabled in the server configuration by allow_url_include=0', 'C:\\htdocs\\CI4_home\\app\\Views\\cart_list.php', 133)
 2 APPPATH\Views\cart_list.php(133): require_once()
 3 SYSTEMPATH\View\View.php(234): include('C:\\htdocs\\CI4_home\\app\\Views\\cart_list.php')
 4 SYSTEMPATH\View\View.php(237): CodeIgniter\View\View->CodeIgniter\View\{closure}()
 5 SYSTEMPATH\Common.php(1171): CodeIgniter\View\View->render('cart_list', [], true)
 6 APPPATH\Controllers\Load_page.php(20): view('cart_list')
 7 SYSTEMPATH\CodeIgniter.php(933): App\Controllers\Load_page->get_shopping_cart()
 8 SYSTEMPATH\CodeIgniter.php(509): CodeIgniter\CodeIgniter->runController(Object(App\Controllers\Load_page))
 9 SYSTEMPATH\CodeIgniter.php(355): CodeIgniter\CodeIgniter->handleRequest(null, Object(Config\Cache), false)
10 SYSTEMPATH\Boot.php(325): CodeIgniter\CodeIgniter->run()
11 SYSTEMPATH\Boot.php(67): CodeIgniter\Boot::runCodeIgniter(Object(CodeIgniter\CodeIgniter))
12 FCPATH\index.php(56): CodeIgniter\Boot::bootWeb(Object(Config\Paths))
CRITICAL - 2024-07-24 15:11:26 --> ErrorException: require(): http:// wrapper is disabled in the server configuration by allow_url_include=0
[Method: GET, Route: Load_Page/get_shopping_cart]
in APPPATH\Views\cart_list.php on line 133.
 1 APPPATH\Views\cart_list.php(133): CodeIgniter\Debug\Exceptions->errorHandler(2, 'require(): http:// wrapper is disabled in the server configuration by allow_url_include=0', 'C:\\htdocs\\CI4_home\\app\\Views\\cart_list.php', 133)
 2 APPPATH\Views\cart_list.php(133): require()
 3 SYSTEMPATH\View\View.php(234): include('C:\\htdocs\\CI4_home\\app\\Views\\cart_list.php')
 4 SYSTEMPATH\View\View.php(237): CodeIgniter\View\View->CodeIgniter\View\{closure}()
 5 SYSTEMPATH\Common.php(1171): CodeIgniter\View\View->render('cart_list', [], true)
 6 APPPATH\Controllers\Load_page.php(20): view('cart_list')
 7 SYSTEMPATH\CodeIgniter.php(933): App\Controllers\Load_page->get_shopping_cart()
 8 SYSTEMPATH\CodeIgniter.php(509): CodeIgniter\CodeIgniter->runController(Object(App\Controllers\Load_page))
 9 SYSTEMPATH\CodeIgniter.php(355): CodeIgniter\CodeIgniter->handleRequest(null, Object(Config\Cache), false)
10 SYSTEMPATH\Boot.php(325): CodeIgniter\CodeIgniter->run()
11 SYSTEMPATH\Boot.php(67): CodeIgniter\Boot::runCodeIgniter(Object(CodeIgniter\CodeIgniter))
12 FCPATH\index.php(56): CodeIgniter\Boot::bootWeb(Object(Config\Paths))
CRITICAL - 2024-07-24 15:12:23 --> ErrorException: require_once(): http:// wrapper is disabled in the server configuration by allow_url_include=0
[Method: GET, Route: Load_Page/get_shopping_cart]
in APPPATH\Views\cart_list.php on line 133.
 1 APPPATH\Views\cart_list.php(133): CodeIgniter\Debug\Exceptions->errorHandler(2, 'require_once(): http:// wrapper is disabled in the server configuration by allow_url_include=0', 'C:\\htdocs\\CI4_home\\app\\Views\\cart_list.php', 133)
 2 APPPATH\Views\cart_list.php(133): require_once()
 3 SYSTEMPATH\View\View.php(234): include('C:\\htdocs\\CI4_home\\app\\Views\\cart_list.php')
 4 SYSTEMPATH\View\View.php(237): CodeIgniter\View\View->CodeIgniter\View\{closure}()
 5 SYSTEMPATH\Common.php(1171): CodeIgniter\View\View->render('cart_list', [], true)
 6 APPPATH\Controllers\Load_page.php(20): view('cart_list')
 7 SYSTEMPATH\CodeIgniter.php(933): App\Controllers\Load_page->get_shopping_cart()
 8 SYSTEMPATH\CodeIgniter.php(509): CodeIgniter\CodeIgniter->runController(Object(App\Controllers\Load_page))
 9 SYSTEMPATH\CodeIgniter.php(355): CodeIgniter\CodeIgniter->handleRequest(null, Object(Config\Cache), false)
10 SYSTEMPATH\Boot.php(325): CodeIgniter\CodeIgniter->run()
11 SYSTEMPATH\Boot.php(67): CodeIgniter\Boot::runCodeIgniter(Object(CodeIgniter\CodeIgniter))
12 FCPATH\index.php(56): CodeIgniter\Boot::bootWeb(Object(Config\Paths))
CRITICAL - 2024-07-24 15:13:03 --> ErrorException: require_once(): http:// wrapper is disabled in the server configuration by allow_url_include=0
[Method: GET, Route: Load_Page/get_shopping_cart]
in APPPATH\Views\cart_list.php on line 133.
 1 APPPATH\Views\cart_list.php(133): CodeIgniter\Debug\Exceptions->errorHandler(2, 'require_once(): http:// wrapper is disabled in the server configuration by allow_url_include=0', 'C:\\htdocs\\CI4_home\\app\\Views\\cart_list.php', 133)
 2 APPPATH\Views\cart_list.php(133): require_once()
 3 SYSTEMPATH\View\View.php(234): include('C:\\htdocs\\CI4_home\\app\\Views\\cart_list.php')
 4 SYSTEMPATH\View\View.php(237): CodeIgniter\View\View->CodeIgniter\View\{closure}()
 5 SYSTEMPATH\Common.php(1171): CodeIgniter\View\View->render('cart_list', [], true)
 6 APPPATH\Controllers\Load_page.php(20): view('cart_list')
 7 SYSTEMPATH\CodeIgniter.php(933): App\Controllers\Load_page->get_shopping_cart()
 8 SYSTEMPATH\CodeIgniter.php(509): CodeIgniter\CodeIgniter->runController(Object(App\Controllers\Load_page))
 9 SYSTEMPATH\CodeIgniter.php(355): CodeIgniter\CodeIgniter->handleRequest(null, Object(Config\Cache), false)
10 SYSTEMPATH\Boot.php(325): CodeIgniter\CodeIgniter->run()
11 SYSTEMPATH\Boot.php(67): CodeIgniter\Boot::runCodeIgniter(Object(CodeIgniter\CodeIgniter))
12 FCPATH\index.php(56): CodeIgniter\Boot::bootWeb(Object(Config\Paths))
CRITICAL - 2024-07-24 15:14:21 --> ErrorException: require_once(): http:// wrapper is disabled in the server configuration by allow_url_include=0
[Method: GET, Route: Load_Page/get_shopping_cart]
in APPPATH\Views\cart_list.php on line 133.
 1 APPPATH\Views\cart_list.php(133): CodeIgniter\Debug\Exceptions->errorHandler(2, 'require_once(): http:// wrapper is disabled in the server configuration by allow_url_include=0', 'C:\\htdocs\\CI4_home\\app\\Views\\cart_list.php', 133)
 2 APPPATH\Views\cart_list.php(133): require_once()
 3 SYSTEMPATH\View\View.php(234): include('C:\\htdocs\\CI4_home\\app\\Views\\cart_list.php')
 4 SYSTEMPATH\View\View.php(237): CodeIgniter\View\View->CodeIgniter\View\{closure}()
 5 SYSTEMPATH\Common.php(1171): CodeIgniter\View\View->render('cart_list', [], true)
 6 APPPATH\Controllers\Load_page.php(20): view('cart_list')
 7 SYSTEMPATH\CodeIgniter.php(933): App\Controllers\Load_page->get_shopping_cart()
 8 SYSTEMPATH\CodeIgniter.php(509): CodeIgniter\CodeIgniter->runController(Object(App\Controllers\Load_page))
 9 SYSTEMPATH\CodeIgniter.php(355): CodeIgniter\CodeIgniter->handleRequest(null, Object(Config\Cache), false)
10 SYSTEMPATH\Boot.php(325): CodeIgniter\CodeIgniter->run()
11 SYSTEMPATH\Boot.php(67): CodeIgniter\Boot::runCodeIgniter(Object(CodeIgniter\CodeIgniter))
12 FCPATH\index.php(56): CodeIgniter\Boot::bootWeb(Object(Config\Paths))
