CRITICAL - 2024-06-29 14:57:10 --> Error: Class "App\Models\DatabaseModel" not found
[Method: GET, Route: memberPage]
in APPPATH\Controllers\memberPage.php on line 11.
 1 SYSTEMPATH\CodeIgniter.php(933): App\Controllers\memberPage->index()
 2 SYSTEMPATH\CodeIgniter.php(509): CodeIgniter\CodeIgniter->runController(Object(App\Controllers\memberPage))
 3 SYSTEMPATH\CodeIgniter.php(355): CodeIgniter\CodeIgniter->handleRequest(null, Object(Config\Cache), false)
 4 SYSTEMPATH\Boot.php(325): CodeIgniter\CodeIgniter->run()
 5 SYSTEMPATH\Boot.php(67): CodeIgniter\Boot::runCodeIgniter(Object(CodeIgniter\CodeIgniter))
 6 FCPATH\index.php(56): CodeIgniter\Boot::bootWeb(Object(Config\Paths))
CRITICAL - 2024-06-29 14:57:17 --> Error: Class "App\Models\DatabaseModel" not found
[Method: GET, Route: memberPage]
in APPPATH\Controllers\memberPage.php on line 11.
 1 SYSTEMPATH\CodeIgniter.php(933): App\Controllers\memberPage->index()
 2 SYSTEMPATH\CodeIgniter.php(509): CodeIgniter\CodeIgniter->runController(Object(App\Controllers\memberPage))
 3 SYSTEMPATH\CodeIgniter.php(355): CodeIgniter\CodeIgniter->handleRequest(null, Object(Config\Cache), false)
 4 SYSTEMPATH\Boot.php(325): CodeIgniter\CodeIgniter->run()
 5 SYSTEMPATH\Boot.php(67): CodeIgniter\Boot::runCodeIgniter(Object(CodeIgniter\CodeIgniter))
 6 FCPATH\index.php(56): CodeIgniter\Boot::bootWeb(Object(Config\Paths))
CRITICAL - 2024-06-29 14:57:54 --> Error: Class "App\Models\DatabaseModel" not found
[Method: GET, Route: memberPage]
in APPPATH\Controllers\memberPage.php on line 11.
 1 SYSTEMPATH\CodeIgniter.php(933): App\Controllers\memberPage->index()
 2 SYSTEMPATH\CodeIgniter.php(509): CodeIgniter\CodeIgniter->runController(Object(App\Controllers\memberPage))
 3 SYSTEMPATH\CodeIgniter.php(355): CodeIgniter\CodeIgniter->handleRequest(null, Object(Config\Cache), false)
 4 SYSTEMPATH\Boot.php(325): CodeIgniter\CodeIgniter->run()
 5 SYSTEMPATH\Boot.php(67): CodeIgniter\Boot::runCodeIgniter(Object(CodeIgniter\CodeIgniter))
 6 FCPATH\index.php(56): CodeIgniter\Boot::bootWeb(Object(Config\Paths))
CRITICAL - 2024-06-29 14:58:00 --> Error: Class "App\Models\DatabaseModel" not found
[Method: GET, Route: memberPage]
in APPPATH\Controllers\memberPage.php on line 11.
 1 SYSTEMPATH\CodeIgniter.php(933): App\Controllers\memberPage->index()
 2 SYSTEMPATH\CodeIgniter.php(509): CodeIgniter\CodeIgniter->runController(Object(App\Controllers\memberPage))
 3 SYSTEMPATH\CodeIgniter.php(355): CodeIgniter\CodeIgniter->handleRequest(null, Object(Config\Cache), false)
 4 SYSTEMPATH\Boot.php(325): CodeIgniter\CodeIgniter->run()
 5 SYSTEMPATH\Boot.php(67): CodeIgniter\Boot::runCodeIgniter(Object(CodeIgniter\CodeIgniter))
 6 FCPATH\index.php(56): CodeIgniter\Boot::bootWeb(Object(Config\Paths))
CRITICAL - 2024-06-29 14:58:36 --> Error: Class "App\Models\DatabaseModel" not found
[Method: GET, Route: memberPage]
in APPPATH\Controllers\memberPage.php on line 11.
 1 SYSTEMPATH\CodeIgniter.php(933): App\Controllers\memberPage->index()
 2 SYSTEMPATH\CodeIgniter.php(509): CodeIgniter\CodeIgniter->runController(Object(App\Controllers\memberPage))
 3 SYSTEMPATH\CodeIgniter.php(355): CodeIgniter\CodeIgniter->handleRequest(null, Object(Config\Cache), false)
 4 SYSTEMPATH\Boot.php(325): CodeIgniter\CodeIgniter->run()
 5 SYSTEMPATH\Boot.php(67): CodeIgniter\Boot::runCodeIgniter(Object(CodeIgniter\CodeIgniter))
 6 FCPATH\index.php(56): CodeIgniter\Boot::bootWeb(Object(Config\Paths))
CRITICAL - 2024-06-29 14:59:11 --> Error: Class "App\Models\DatabaseModel" not found
[Method: GET, Route: memberPage]
in APPPATH\Controllers\memberPage.php on line 11.
 1 SYSTEMPATH\CodeIgniter.php(933): App\Controllers\memberPage->index()
 2 SYSTEMPATH\CodeIgniter.php(509): CodeIgniter\CodeIgniter->runController(Object(App\Controllers\memberPage))
 3 SYSTEMPATH\CodeIgniter.php(355): CodeIgniter\CodeIgniter->handleRequest(null, Object(Config\Cache), false)
 4 SYSTEMPATH\Boot.php(325): CodeIgniter\CodeIgniter->run()
 5 SYSTEMPATH\Boot.php(67): CodeIgniter\Boot::runCodeIgniter(Object(CodeIgniter\CodeIgniter))
 6 FCPATH\index.php(56): CodeIgniter\Boot::bootWeb(Object(Config\Paths))
CRITICAL - 2024-06-29 14:59:11 --> Error: Class "App\Models\DatabaseModel" not found
[Method: GET, Route: memberPage]
in APPPATH\Controllers\memberPage.php on line 11.
 1 SYSTEMPATH\CodeIgniter.php(933): App\Controllers\memberPage->index()
 2 SYSTEMPATH\CodeIgniter.php(509): CodeIgniter\CodeIgniter->runController(Object(App\Controllers\memberPage))
 3 SYSTEMPATH\CodeIgniter.php(355): CodeIgniter\CodeIgniter->handleRequest(null, Object(Config\Cache), false)
 4 SYSTEMPATH\Boot.php(325): CodeIgniter\CodeIgniter->run()
 5 SYSTEMPATH\Boot.php(67): CodeIgniter\Boot::runCodeIgniter(Object(CodeIgniter\CodeIgniter))
 6 FCPATH\index.php(56): CodeIgniter\Boot::bootWeb(Object(Config\Paths))
CRITICAL - 2024-06-29 14:59:35 --> Error: Class "App\Controllers\DatabaseModel" not found
[Method: GET, Route: memberPage]
in APPPATH\Controllers\memberPage.php on line 11.
 1 SYSTEMPATH\CodeIgniter.php(933): App\Controllers\memberPage->index()
 2 SYSTEMPATH\CodeIgniter.php(509): CodeIgniter\CodeIgniter->runController(Object(App\Controllers\memberPage))
 3 SYSTEMPATH\CodeIgniter.php(355): CodeIgniter\CodeIgniter->handleRequest(null, Object(Config\Cache), false)
 4 SYSTEMPATH\Boot.php(325): CodeIgniter\CodeIgniter->run()
 5 SYSTEMPATH\Boot.php(67): CodeIgniter\Boot::runCodeIgniter(Object(CodeIgniter\CodeIgniter))
 6 FCPATH\index.php(56): CodeIgniter\Boot::bootWeb(Object(Config\Paths))
CRITICAL - 2024-06-29 15:02:33 --> Error: Class "App\Models\DatabaseModel" not found
[Method: GET, Route: memberPage]
in APPPATH\Controllers\memberPage.php on line 11.
 1 SYSTEMPATH\CodeIgniter.php(933): App\Controllers\memberPage->index()
 2 SYSTEMPATH\CodeIgniter.php(509): CodeIgniter\CodeIgniter->runController(Object(App\Controllers\memberPage))
 3 SYSTEMPATH\CodeIgniter.php(355): CodeIgniter\CodeIgniter->handleRequest(null, Object(Config\Cache), false)
 4 SYSTEMPATH\Boot.php(325): CodeIgniter\CodeIgniter->run()
 5 SYSTEMPATH\Boot.php(67): CodeIgniter\Boot::runCodeIgniter(Object(CodeIgniter\CodeIgniter))
 6 FCPATH\index.php(56): CodeIgniter\Boot::bootWeb(Object(Config\Paths))
CRITICAL - 2024-06-29 15:03:15 --> Error: Class "App\Models\Model" not found
[Method: GET, Route: memberPage]
in APPPATH\Models\DatabaseModel.php on line 5.
 1 SYSTEMPATH\Autoloader\Autoloader.php(317): include_once()
 2 SYSTEMPATH\Autoloader\Autoloader.php(296): CodeIgniter\Autoloader\Autoloader->includeFile('C:\\htdocs\\CI4\\app\\Models\\DatabaseModel.php')
 3 SYSTEMPATH\Autoloader\Autoloader.php(272): CodeIgniter\Autoloader\Autoloader->loadInNamespace('App\\Models\\DatabaseModel')
 4 APPPATH\Controllers\memberPage.php(11): CodeIgniter\Autoloader\Autoloader->loadClass('App\\Models\\DatabaseModel')
 5 SYSTEMPATH\CodeIgniter.php(933): App\Controllers\memberPage->index()
 6 SYSTEMPATH\CodeIgniter.php(509): CodeIgniter\CodeIgniter->runController(Object(App\Controllers\memberPage))
 7 SYSTEMPATH\CodeIgniter.php(355): CodeIgniter\CodeIgniter->handleRequest(null, Object(Config\Cache), false)
 8 SYSTEMPATH\Boot.php(325): CodeIgniter\CodeIgniter->run()
 9 SYSTEMPATH\Boot.php(67): CodeIgniter\Boot::runCodeIgniter(Object(CodeIgniter\CodeIgniter))
10 FCPATH\index.php(56): CodeIgniter\Boot::bootWeb(Object(Config\Paths))
CRITICAL - 2024-06-29 15:03:55 --> ErrorException: Undefined variable $states
[Method: GET, Route: memberPage]
in APPPATH\Views\Pages\memberList.php on line 17.
 1 APPPATH\Views\Pages\memberList.php(17): CodeIgniter\Debug\Exceptions->errorHandler(2, 'Undefined variable $states', 'C:\\htdocs\\CI4\\app\\Views\\Pages\\memberList.php', 17)
 2 SYSTEMPATH\View\View.php(234): include('C:\\htdocs\\CI4\\app\\Views\\Pages\\memberList.php')
 3 SYSTEMPATH\View\View.php(237): CodeIgniter\View\View->CodeIgniter\View\{closure}()
 4 SYSTEMPATH\Common.php(1171): CodeIgniter\View\View->render('Pages/memberList', [], true)
 5 APPPATH\Controllers\memberPage.php(13): view('Pages/memberList')
 6 SYSTEMPATH\CodeIgniter.php(933): App\Controllers\memberPage->index()
 7 SYSTEMPATH\CodeIgniter.php(509): CodeIgniter\CodeIgniter->runController(Object(App\Controllers\memberPage))
 8 SYSTEMPATH\CodeIgniter.php(355): CodeIgniter\CodeIgniter->handleRequest(null, Object(Config\Cache), false)
 9 SYSTEMPATH\Boot.php(325): CodeIgniter\CodeIgniter->run()
10 SYSTEMPATH\Boot.php(67): CodeIgniter\Boot::runCodeIgniter(Object(CodeIgniter\CodeIgniter))
11 FCPATH\index.php(56): CodeIgniter\Boot::bootWeb(Object(Config\Paths))
CRITICAL - 2024-06-29 15:04:19 --> ErrorException: Undefined variable $states
[Method: GET, Route: memberPage]
in APPPATH\Views\Pages\memberList.php on line 17.
 1 APPPATH\Views\Pages\memberList.php(17): CodeIgniter\Debug\Exceptions->errorHandler(2, 'Undefined variable $states', 'C:\\htdocs\\CI4\\app\\Views\\Pages\\memberList.php', 17)
 2 SYSTEMPATH\View\View.php(234): include('C:\\htdocs\\CI4\\app\\Views\\Pages\\memberList.php')
 3 SYSTEMPATH\View\View.php(237): CodeIgniter\View\View->CodeIgniter\View\{closure}()
 4 SYSTEMPATH\Common.php(1171): CodeIgniter\View\View->render('Pages/memberList', [], true)
 5 APPPATH\Controllers\memberPage.php(13): view('Pages/memberList')
 6 SYSTEMPATH\CodeIgniter.php(933): App\Controllers\memberPage->index()
 7 SYSTEMPATH\CodeIgniter.php(509): CodeIgniter\CodeIgniter->runController(Object(App\Controllers\memberPage))
 8 SYSTEMPATH\CodeIgniter.php(355): CodeIgniter\CodeIgniter->handleRequest(null, Object(Config\Cache), false)
 9 SYSTEMPATH\Boot.php(325): CodeIgniter\CodeIgniter->run()
10 SYSTEMPATH\Boot.php(67): CodeIgniter\Boot::runCodeIgniter(Object(CodeIgniter\CodeIgniter))
11 FCPATH\index.php(56): CodeIgniter\Boot::bootWeb(Object(Config\Paths))
CRITICAL - 2024-06-29 15:04:46 --> ParseError: syntax error, unexpected single-quoted string "memberList"
[Method: GET, Route: memberPage]
in APPPATH\Views\Pages\memberList.php on line 16.
 1 SYSTEMPATH\View\View.php(237): CodeIgniter\View\View->CodeIgniter\View\{closure}()
 2 SYSTEMPATH\Common.php(1171): CodeIgniter\View\View->render('Pages/memberList', [], true)
 3 APPPATH\Controllers\memberPage.php(13): view('Pages/memberList')
 4 SYSTEMPATH\CodeIgniter.php(933): App\Controllers\memberPage->index()
 5 SYSTEMPATH\CodeIgniter.php(509): CodeIgniter\CodeIgniter->runController(Object(App\Controllers\memberPage))
 6 SYSTEMPATH\CodeIgniter.php(355): CodeIgniter\CodeIgniter->handleRequest(null, Object(Config\Cache), false)
 7 SYSTEMPATH\Boot.php(325): CodeIgniter\CodeIgniter->run()
 8 SYSTEMPATH\Boot.php(67): CodeIgniter\Boot::runCodeIgniter(Object(CodeIgniter\CodeIgniter))
 9 FCPATH\index.php(56): CodeIgniter\Boot::bootWeb(Object(Config\Paths))
CRITICAL - 2024-06-29 15:05:57 --> ParseError: syntax error, unexpected single-quoted string "memberList"
[Method: GET, Route: memberPage]
in APPPATH\Views\Pages\memberList.php on line 16.
 1 SYSTEMPATH\View\View.php(237): CodeIgniter\View\View->CodeIgniter\View\{closure}()
 2 SYSTEMPATH\Common.php(1171): CodeIgniter\View\View->render('Pages/memberList', [], true)
 3 APPPATH\Controllers\memberPage.php(13): view('Pages/memberList')
 4 SYSTEMPATH\CodeIgniter.php(933): App\Controllers\memberPage->index()
 5 SYSTEMPATH\CodeIgniter.php(509): CodeIgniter\CodeIgniter->runController(Object(App\Controllers\memberPage))
 6 SYSTEMPATH\CodeIgniter.php(355): CodeIgniter\CodeIgniter->handleRequest(null, Object(Config\Cache), false)
 7 SYSTEMPATH\Boot.php(325): CodeIgniter\CodeIgniter->run()
 8 SYSTEMPATH\Boot.php(67): CodeIgniter\Boot::runCodeIgniter(Object(CodeIgniter\CodeIgniter))
 9 FCPATH\index.php(56): CodeIgniter\Boot::bootWeb(Object(Config\Paths))
CRITICAL - 2024-06-29 15:08:49 --> ErrorException: Undefined array key "nonexistent_key"
[Method: GET, Route: memberPage]
in APPPATH\Controllers\memberPage.php on line 14.
 1 APPPATH\Controllers\memberPage.php(14): CodeIgniter\Debug\Exceptions->errorHandler(2, 'Undefined array key "nonexistent_key"', 'C:\\htdocs\\CI4\\app\\Controllers\\memberPage.php', 14)
 2 SYSTEMPATH\CodeIgniter.php(933): App\Controllers\memberPage->index()
 3 SYSTEMPATH\CodeIgniter.php(509): CodeIgniter\CodeIgniter->runController(Object(App\Controllers\memberPage))
 4 SYSTEMPATH\CodeIgniter.php(355): CodeIgniter\CodeIgniter->handleRequest(null, Object(Config\Cache), false)
 5 SYSTEMPATH\Boot.php(325): CodeIgniter\CodeIgniter->run()
 6 SYSTEMPATH\Boot.php(67): CodeIgniter\Boot::runCodeIgniter(Object(CodeIgniter\CodeIgniter))
 7 FCPATH\index.php(56): CodeIgniter\Boot::bootWeb(Object(Config\Paths))
CRITICAL - 2024-06-29 15:09:37 --> ErrorException: Undefined array key "nonexistent_key"
[Method: GET, Route: memberPage]
in APPPATH\Controllers\memberPage.php on line 14.
 1 APPPATH\Controllers\memberPage.php(14): CodeIgniter\Debug\Exceptions->errorHandler(2, 'Undefined array key "nonexistent_key"', 'C:\\htdocs\\CI4\\app\\Controllers\\memberPage.php', 14)
 2 SYSTEMPATH\CodeIgniter.php(933): App\Controllers\memberPage->index()
 3 SYSTEMPATH\CodeIgniter.php(509): CodeIgniter\CodeIgniter->runController(Object(App\Controllers\memberPage))
 4 SYSTEMPATH\CodeIgniter.php(355): CodeIgniter\CodeIgniter->handleRequest(null, Object(Config\Cache), false)
 5 SYSTEMPATH\Boot.php(325): CodeIgniter\CodeIgniter->run()
 6 SYSTEMPATH\Boot.php(67): CodeIgniter\Boot::runCodeIgniter(Object(CodeIgniter\CodeIgniter))
 7 FCPATH\index.php(56): CodeIgniter\Boot::bootWeb(Object(Config\Paths))
CRITICAL - 2024-06-29 15:10:17 --> ErrorException: Undefined array key "nonexistent_key"
[Method: GET, Route: memberPage]
in APPPATH\Controllers\memberPage.php on line 14.
 1 APPPATH\Controllers\memberPage.php(14): CodeIgniter\Debug\Exceptions->errorHandler(2, 'Undefined array key "nonexistent_key"', 'C:\\htdocs\\CI4\\app\\Controllers\\memberPage.php', 14)
 2 SYSTEMPATH\CodeIgniter.php(933): App\Controllers\memberPage->index()
 3 SYSTEMPATH\CodeIgniter.php(509): CodeIgniter\CodeIgniter->runController(Object(App\Controllers\memberPage))
 4 SYSTEMPATH\CodeIgniter.php(355): CodeIgniter\CodeIgniter->handleRequest(null, Object(Config\Cache), false)
 5 SYSTEMPATH\Boot.php(325): CodeIgniter\CodeIgniter->run()
 6 SYSTEMPATH\Boot.php(67): CodeIgniter\Boot::runCodeIgniter(Object(CodeIgniter\CodeIgniter))
 7 FCPATH\index.php(56): CodeIgniter\Boot::bootWeb(Object(Config\Paths))
CRITICAL - 2024-06-29 15:11:03 --> ErrorException: Undefined variable $states
[Method: GET, Route: memberPage]
in APPPATH\Views\Pages\memberList.php on line 17.
 1 APPPATH\Views\Pages\memberList.php(17): CodeIgniter\Debug\Exceptions->errorHandler(2, 'Undefined variable $states', 'C:\\htdocs\\CI4\\app\\Views\\Pages\\memberList.php', 17)
 2 SYSTEMPATH\View\View.php(234): include('C:\\htdocs\\CI4\\app\\Views\\Pages\\memberList.php')
 3 SYSTEMPATH\View\View.php(237): CodeIgniter\View\View->CodeIgniter\View\{closure}()
 4 SYSTEMPATH\Common.php(1171): CodeIgniter\View\View->render('Pages/memberList', [], true)
 5 APPPATH\Controllers\memberPage.php(14): view('Pages/memberList')
 6 SYSTEMPATH\CodeIgniter.php(933): App\Controllers\memberPage->index()
 7 SYSTEMPATH\CodeIgniter.php(509): CodeIgniter\CodeIgniter->runController(Object(App\Controllers\memberPage))
 8 SYSTEMPATH\CodeIgniter.php(355): CodeIgniter\CodeIgniter->handleRequest(null, Object(Config\Cache), false)
 9 SYSTEMPATH\Boot.php(325): CodeIgniter\CodeIgniter->run()
10 SYSTEMPATH\Boot.php(67): CodeIgniter\Boot::runCodeIgniter(Object(CodeIgniter\CodeIgniter))
11 FCPATH\index.php(56): CodeIgniter\Boot::bootWeb(Object(Config\Paths))
ERROR - 2024-06-29 15:57:15 --> mysqli_sql_exception: Unknown column 'created_at' in 'field list' in C:\htdocs\CI4\system\Database\MySQLi\Connection.php:310
Stack trace:
#0 C:\htdocs\CI4\system\Database\MySQLi\Connection.php(310): mysqli->query('INSERT INTO `or...', 0)
#1 C:\htdocs\CI4\system\Database\BaseConnection.php(732): CodeIgniter\Database\MySQLi\Connection->execute('INSERT INTO `or...')
#2 C:\htdocs\CI4\system\Database\BaseConnection.php(646): CodeIgniter\Database\BaseConnection->simpleQuery('INSERT INTO `or...')
#3 C:\htdocs\CI4\system\Database\BaseBuilder.php(2333): CodeIgniter\Database\BaseConnection->query('INSERT INTO `or...', Array, false)
#4 C:\htdocs\CI4\system\Model.php(394): CodeIgniter\Database\BaseBuilder->insert()
#5 C:\htdocs\CI4\system\BaseModel.php(840): CodeIgniter\Model->doInsert(Array)
#6 C:\htdocs\CI4\system\Model.php(802): CodeIgniter\BaseModel->insert(Array, false)
#7 C:\htdocs\CI4\system\BaseModel.php(751): CodeIgniter\Model->insert(Array, false)
#8 C:\htdocs\CI4\app\Controllers\memberPage.php(27): CodeIgniter\BaseModel->save(Array)
#9 C:\htdocs\CI4\system\CodeIgniter.php(933): App\Controllers\memberPage->create()
#10 C:\htdocs\CI4\system\CodeIgniter.php(509): CodeIgniter\CodeIgniter->runController(Object(App\Controllers\memberPage))
#11 C:\htdocs\CI4\system\CodeIgniter.php(355): CodeIgniter\CodeIgniter->handleRequest(NULL, Object(Config\Cache), false)
#12 C:\htdocs\CI4\system\Boot.php(325): CodeIgniter\CodeIgniter->run()
#13 C:\htdocs\CI4\system\Boot.php(67): CodeIgniter\Boot::runCodeIgniter(Object(CodeIgniter\CodeIgniter))
#14 C:\htdocs\CI4\index.php(56): CodeIgniter\Boot::bootWeb(Object(Config\Paths))
#15 {main}
CRITICAL - 2024-06-29 15:57:15 --> CodeIgniter\Database\Exceptions\DatabaseException: Unknown column 'created_at' in 'field list'
[Method: POST, Route: states/create]
in SYSTEMPATH\Database\BaseConnection.php on line 686.
 1 SYSTEMPATH\Database\BaseBuilder.php(2333): CodeIgniter\Database\BaseConnection->query('INSERT INTO `order_state` (`os_sort`, `os_name`, `created_at`, `updated_at`) VALUES (:os_sort:, :os_name:, :created_at:, :updated_at:)', [...], false)
 2 SYSTEMPATH\Model.php(394): CodeIgniter\Database\BaseBuilder->insert()
 3 SYSTEMPATH\BaseModel.php(840): CodeIgniter\Model->doInsert([...])
 4 SYSTEMPATH\Model.php(802): CodeIgniter\BaseModel->insert([...], false)
 5 SYSTEMPATH\BaseModel.php(751): CodeIgniter\Model->insert([...], false)
 6 APPPATH\Controllers\memberPage.php(27): CodeIgniter\BaseModel->save([...])
 7 SYSTEMPATH\CodeIgniter.php(933): App\Controllers\memberPage->create()
 8 SYSTEMPATH\CodeIgniter.php(509): CodeIgniter\CodeIgniter->runController(Object(App\Controllers\memberPage))
 9 SYSTEMPATH\CodeIgniter.php(355): CodeIgniter\CodeIgniter->handleRequest(null, Object(Config\Cache), false)
10 SYSTEMPATH\Boot.php(325): CodeIgniter\CodeIgniter->run()
11 SYSTEMPATH\Boot.php(67): CodeIgniter\Boot::runCodeIgniter(Object(CodeIgniter\CodeIgniter))
12 FCPATH\index.php(56): CodeIgniter\Boot::bootWeb(Object(Config\Paths))
CRITICAL - 2024-06-29 15:57:15 --> [Caused by] CodeIgniter\Database\Exceptions\DatabaseException: Unknown column 'created_at' in 'field list'
in SYSTEMPATH\Database\MySQLi\Connection.php on line 315.
 1 SYSTEMPATH\Database\BaseConnection.php(732): CodeIgniter\Database\MySQLi\Connection->execute('INSERT INTO `order_state` (`os_sort`, `os_name`, `created_at`, `updated_at`) VALUES (\'7\', \'測試\', \'2024-06-29 15:57:15\', \'2024-06-29 15:57:15\')')
 2 SYSTEMPATH\Database\BaseConnection.php(646): CodeIgniter\Database\BaseConnection->simpleQuery('INSERT INTO `order_state` (`os_sort`, `os_name`, `created_at`, `updated_at`) VALUES (\'7\', \'測試\', \'2024-06-29 15:57:15\', \'2024-06-29 15:57:15\')')
 3 SYSTEMPATH\Database\BaseBuilder.php(2333): CodeIgniter\Database\BaseConnection->query('INSERT INTO `order_state` (`os_sort`, `os_name`, `created_at`, `updated_at`) VALUES (:os_sort:, :os_name:, :created_at:, :updated_at:)', [...], false)
 4 SYSTEMPATH\Model.php(394): CodeIgniter\Database\BaseBuilder->insert()
 5 SYSTEMPATH\BaseModel.php(840): CodeIgniter\Model->doInsert([...])
 6 SYSTEMPATH\Model.php(802): CodeIgniter\BaseModel->insert([...], false)
 7 SYSTEMPATH\BaseModel.php(751): CodeIgniter\Model->insert([...], false)
 8 APPPATH\Controllers\memberPage.php(27): CodeIgniter\BaseModel->save([...])
 9 SYSTEMPATH\CodeIgniter.php(933): App\Controllers\memberPage->create()
10 SYSTEMPATH\CodeIgniter.php(509): CodeIgniter\CodeIgniter->runController(Object(App\Controllers\memberPage))
11 SYSTEMPATH\CodeIgniter.php(355): CodeIgniter\CodeIgniter->handleRequest(null, Object(Config\Cache), false)
12 SYSTEMPATH\Boot.php(325): CodeIgniter\CodeIgniter->run()
13 SYSTEMPATH\Boot.php(67): CodeIgniter\Boot::runCodeIgniter(Object(CodeIgniter\CodeIgniter))
14 FCPATH\index.php(56): CodeIgniter\Boot::bootWeb(Object(Config\Paths))
CRITICAL - 2024-06-29 15:57:15 --> [Caused by] mysqli_sql_exception: Unknown column 'created_at' in 'field list'
in SYSTEMPATH\Database\MySQLi\Connection.php on line 310.
 1 SYSTEMPATH\Database\MySQLi\Connection.php(310): mysqli->query('INSERT INTO `order_state` (`os_sort`, `os_name`, `created_at`, `updated_at`) VALUES (\'7\', \'測試\', \'2024-06-29 15:57:15\', \'2024-06-29 15:57:15\')', 0)
 2 SYSTEMPATH\Database\BaseConnection.php(732): CodeIgniter\Database\MySQLi\Connection->execute('INSERT INTO `order_state` (`os_sort`, `os_name`, `created_at`, `updated_at`) VALUES (\'7\', \'測試\', \'2024-06-29 15:57:15\', \'2024-06-29 15:57:15\')')
 3 SYSTEMPATH\Database\BaseConnection.php(646): CodeIgniter\Database\BaseConnection->simpleQuery('INSERT INTO `order_state` (`os_sort`, `os_name`, `created_at`, `updated_at`) VALUES (\'7\', \'測試\', \'2024-06-29 15:57:15\', \'2024-06-29 15:57:15\')')
 4 SYSTEMPATH\Database\BaseBuilder.php(2333): CodeIgniter\Database\BaseConnection->query('INSERT INTO `order_state` (`os_sort`, `os_name`, `created_at`, `updated_at`) VALUES (:os_sort:, :os_name:, :created_at:, :updated_at:)', [...], false)
 5 SYSTEMPATH\Model.php(394): CodeIgniter\Database\BaseBuilder->insert()
 6 SYSTEMPATH\BaseModel.php(840): CodeIgniter\Model->doInsert([...])
 7 SYSTEMPATH\Model.php(802): CodeIgniter\BaseModel->insert([...], false)
 8 SYSTEMPATH\BaseModel.php(751): CodeIgniter\Model->insert([...], false)
 9 APPPATH\Controllers\memberPage.php(27): CodeIgniter\BaseModel->save([...])
10 SYSTEMPATH\CodeIgniter.php(933): App\Controllers\memberPage->create()
11 SYSTEMPATH\CodeIgniter.php(509): CodeIgniter\CodeIgniter->runController(Object(App\Controllers\memberPage))
12 SYSTEMPATH\CodeIgniter.php(355): CodeIgniter\CodeIgniter->handleRequest(null, Object(Config\Cache), false)
13 SYSTEMPATH\Boot.php(325): CodeIgniter\CodeIgniter->run()
14 SYSTEMPATH\Boot.php(67): CodeIgniter\Boot::runCodeIgniter(Object(CodeIgniter\CodeIgniter))
15 FCPATH\index.php(56): CodeIgniter\Boot::bootWeb(Object(Config\Paths))
CRITICAL - 2024-06-29 16:31:09 --> ErrorException: Undefined variable $states
[Method: POST, Route: states/create]
in APPPATH\Views\Pages\memberList.php on line 26.
 1 APPPATH\Views\Pages\memberList.php(26): CodeIgniter\Debug\Exceptions->errorHandler(2, 'Undefined variable $states', 'C:\\htdocs\\CI4\\app\\Views\\Pages\\memberList.php', 26)
 2 SYSTEMPATH\View\View.php(234): include('C:\\htdocs\\CI4\\app\\Views\\Pages\\memberList.php')
 3 SYSTEMPATH\View\View.php(237): CodeIgniter\View\View->CodeIgniter\View\{closure}()
 4 SYSTEMPATH\Common.php(1171): CodeIgniter\View\View->render('Pages/memberList', [], true)
 5 APPPATH\Controllers\memberPage.php(29): view('Pages/memberList')
 6 SYSTEMPATH\CodeIgniter.php(933): App\Controllers\memberPage->create()
 7 SYSTEMPATH\CodeIgniter.php(509): CodeIgniter\CodeIgniter->runController(Object(App\Controllers\memberPage))
 8 SYSTEMPATH\CodeIgniter.php(355): CodeIgniter\CodeIgniter->handleRequest(null, Object(Config\Cache), false)
 9 SYSTEMPATH\Boot.php(325): CodeIgniter\CodeIgniter->run()
10 SYSTEMPATH\Boot.php(67): CodeIgniter\Boot::runCodeIgniter(Object(CodeIgniter\CodeIgniter))
11 FCPATH\index.php(56): CodeIgniter\Boot::bootWeb(Object(Config\Paths))
CRITICAL - 2024-06-29 17:18:25 --> ErrorException: Undefined variable $user
[Method: GET, Route: memberPage]
in APPPATH\Views\Pages\memberList.php on line 46.
 1 APPPATH\Views\Pages\memberList.php(46): CodeIgniter\Debug\Exceptions->errorHandler(2, 'Undefined variable $user', 'C:\\htdocs\\CI4\\app\\Views\\Pages\\memberList.php', 46)
 2 SYSTEMPATH\View\View.php(234): include('C:\\htdocs\\CI4\\app\\Views\\Pages\\memberList.php')
 3 SYSTEMPATH\View\View.php(237): CodeIgniter\View\View->CodeIgniter\View\{closure}()
 4 SYSTEMPATH\Common.php(1171): CodeIgniter\View\View->render('Pages/memberList', [], true)
 5 APPPATH\Controllers\memberPage.php(14): view('Pages/memberList', [...])
 6 SYSTEMPATH\CodeIgniter.php(933): App\Controllers\memberPage->index()
 7 SYSTEMPATH\CodeIgniter.php(509): CodeIgniter\CodeIgniter->runController(Object(App\Controllers\memberPage))
 8 SYSTEMPATH\CodeIgniter.php(355): CodeIgniter\CodeIgniter->handleRequest(null, Object(Config\Cache), false)
 9 SYSTEMPATH\Boot.php(325): CodeIgniter\CodeIgniter->run()
10 SYSTEMPATH\Boot.php(67): CodeIgniter\Boot::runCodeIgniter(Object(CodeIgniter\CodeIgniter))
11 FCPATH\index.php(56): CodeIgniter\Boot::bootWeb(Object(Config\Paths))
CRITICAL - 2024-06-29 17:18:32 --> ErrorException: Undefined variable $user
[Method: GET, Route: memberPage]
in APPPATH\Views\Pages\memberList.php on line 46.
 1 APPPATH\Views\Pages\memberList.php(46): CodeIgniter\Debug\Exceptions->errorHandler(2, 'Undefined variable $user', 'C:\\htdocs\\CI4\\app\\Views\\Pages\\memberList.php', 46)
 2 SYSTEMPATH\View\View.php(234): include('C:\\htdocs\\CI4\\app\\Views\\Pages\\memberList.php')
 3 SYSTEMPATH\View\View.php(237): CodeIgniter\View\View->CodeIgniter\View\{closure}()
 4 SYSTEMPATH\Common.php(1171): CodeIgniter\View\View->render('Pages/memberList', [], true)
 5 APPPATH\Controllers\memberPage.php(14): view('Pages/memberList', [...])
 6 SYSTEMPATH\CodeIgniter.php(933): App\Controllers\memberPage->index()
 7 SYSTEMPATH\CodeIgniter.php(509): CodeIgniter\CodeIgniter->runController(Object(App\Controllers\memberPage))
 8 SYSTEMPATH\CodeIgniter.php(355): CodeIgniter\CodeIgniter->handleRequest(null, Object(Config\Cache), false)
 9 SYSTEMPATH\Boot.php(325): CodeIgniter\CodeIgniter->run()
10 SYSTEMPATH\Boot.php(67): CodeIgniter\Boot::runCodeIgniter(Object(CodeIgniter\CodeIgniter))
11 FCPATH\index.php(56): CodeIgniter\Boot::bootWeb(Object(Config\Paths))
CRITICAL - 2024-06-29 17:44:33 --> ErrorException: Undefined variable $user
[Method: GET, Route: memberPage/edit/4]
in APPPATH\Views\Pages\edit.php on line 10.
 1 APPPATH\Views\Pages\edit.php(10): CodeIgniter\Debug\Exceptions->errorHandler(2, 'Undefined variable $user', 'C:\\htdocs\\CI4\\app\\Views\\Pages\\edit.php', 10)
 2 SYSTEMPATH\View\View.php(234): include('C:\\htdocs\\CI4\\app\\Views\\Pages\\edit.php')
 3 SYSTEMPATH\View\View.php(237): CodeIgniter\View\View->CodeIgniter\View\{closure}()
 4 SYSTEMPATH\Common.php(1171): CodeIgniter\View\View->render('Pages/edit', [], true)
 5 APPPATH\Controllers\memberPage.php(38): view('Pages/edit', [...])
 6 SYSTEMPATH\CodeIgniter.php(933): App\Controllers\memberPage->edit('4')
 7 SYSTEMPATH\CodeIgniter.php(509): CodeIgniter\CodeIgniter->runController(Object(App\Controllers\memberPage))
 8 SYSTEMPATH\CodeIgniter.php(355): CodeIgniter\CodeIgniter->handleRequest(null, Object(Config\Cache), false)
 9 SYSTEMPATH\Boot.php(325): CodeIgniter\CodeIgniter->run()
10 SYSTEMPATH\Boot.php(67): CodeIgniter\Boot::runCodeIgniter(Object(CodeIgniter\CodeIgniter))
11 FCPATH\index.php(56): CodeIgniter\Boot::bootWeb(Object(Config\Paths))
CRITICAL - 2024-06-29 17:50:22 --> ErrorException: Trying to access array offset on value of type null
[Method: POST, Route: memberPage/edit/memberPage/update/4]
in APPPATH\Views\Pages\edit.php on line 10.
 1 APPPATH\Views\Pages\edit.php(10): CodeIgniter\Debug\Exceptions->errorHandler(2, 'Trying to access array offset on value of type null', 'C:\\htdocs\\CI4\\app\\Views\\Pages\\edit.php', 10)
 2 SYSTEMPATH\View\View.php(234): include('C:\\htdocs\\CI4\\app\\Views\\Pages\\edit.php')
 3 SYSTEMPATH\View\View.php(237): CodeIgniter\View\View->CodeIgniter\View\{closure}()
 4 SYSTEMPATH\Common.php(1171): CodeIgniter\View\View->render('Pages/edit', [], true)
 5 APPPATH\Controllers\memberPage.php(38): view('Pages/edit', [...])
 6 SYSTEMPATH\CodeIgniter.php(933): App\Controllers\memberPage->edit('memberPage', 'update', '4')
 7 SYSTEMPATH\CodeIgniter.php(509): CodeIgniter\CodeIgniter->runController(Object(App\Controllers\memberPage))
 8 SYSTEMPATH\CodeIgniter.php(355): CodeIgniter\CodeIgniter->handleRequest(null, Object(Config\Cache), false)
 9 SYSTEMPATH\Boot.php(325): CodeIgniter\CodeIgniter->run()
10 SYSTEMPATH\Boot.php(67): CodeIgniter\Boot::runCodeIgniter(Object(CodeIgniter\CodeIgniter))
11 FCPATH\index.php(56): CodeIgniter\Boot::bootWeb(Object(Config\Paths))
CRITICAL - 2024-06-29 17:50:31 --> ErrorException: Trying to access array offset on value of type null
[Method: POST, Route: memberPage/edit/memberPage/update/4]
in APPPATH\Views\Pages\edit.php on line 10.
 1 APPPATH\Views\Pages\edit.php(10): CodeIgniter\Debug\Exceptions->errorHandler(2, 'Trying to access array offset on value of type null', 'C:\\htdocs\\CI4\\app\\Views\\Pages\\edit.php', 10)
 2 SYSTEMPATH\View\View.php(234): include('C:\\htdocs\\CI4\\app\\Views\\Pages\\edit.php')
 3 SYSTEMPATH\View\View.php(237): CodeIgniter\View\View->CodeIgniter\View\{closure}()
 4 SYSTEMPATH\Common.php(1171): CodeIgniter\View\View->render('Pages/edit', [], true)
 5 APPPATH\Controllers\memberPage.php(38): view('Pages/edit', [...])
 6 SYSTEMPATH\CodeIgniter.php(933): App\Controllers\memberPage->edit('memberPage', 'update', '4')
 7 SYSTEMPATH\CodeIgniter.php(509): CodeIgniter\CodeIgniter->runController(Object(App\Controllers\memberPage))
 8 SYSTEMPATH\CodeIgniter.php(355): CodeIgniter\CodeIgniter->handleRequest(null, Object(Config\Cache), false)
 9 SYSTEMPATH\Boot.php(325): CodeIgniter\CodeIgniter->run()
10 SYSTEMPATH\Boot.php(67): CodeIgniter\Boot::runCodeIgniter(Object(CodeIgniter\CodeIgniter))
11 FCPATH\index.php(56): CodeIgniter\Boot::bootWeb(Object(Config\Paths))
CRITICAL - 2024-06-29 17:51:32 --> ErrorException: Trying to access array offset on value of type null
[Method: POST, Route: memberPage/edit/memberPage/update/4]
in APPPATH\Views\Pages\edit.php on line 10.
 1 APPPATH\Views\Pages\edit.php(10): CodeIgniter\Debug\Exceptions->errorHandler(2, 'Trying to access array offset on value of type null', 'C:\\htdocs\\CI4\\app\\Views\\Pages\\edit.php', 10)
 2 SYSTEMPATH\View\View.php(234): include('C:\\htdocs\\CI4\\app\\Views\\Pages\\edit.php')
 3 SYSTEMPATH\View\View.php(237): CodeIgniter\View\View->CodeIgniter\View\{closure}()
 4 SYSTEMPATH\Common.php(1171): CodeIgniter\View\View->render('Pages/edit', [], true)
 5 APPPATH\Controllers\memberPage.php(38): view('Pages/edit', [...])
 6 SYSTEMPATH\CodeIgniter.php(933): App\Controllers\memberPage->edit('memberPage', 'update', '4')
 7 SYSTEMPATH\CodeIgniter.php(509): CodeIgniter\CodeIgniter->runController(Object(App\Controllers\memberPage))
 8 SYSTEMPATH\CodeIgniter.php(355): CodeIgniter\CodeIgniter->handleRequest(null, Object(Config\Cache), false)
 9 SYSTEMPATH\Boot.php(325): CodeIgniter\CodeIgniter->run()
10 SYSTEMPATH\Boot.php(67): CodeIgniter\Boot::runCodeIgniter(Object(CodeIgniter\CodeIgniter))
11 FCPATH\index.php(56): CodeIgniter\Boot::bootWeb(Object(Config\Paths))
CRITICAL - 2024-06-29 17:56:05 --> ErrorException: Trying to access array offset on value of type null
[Method: POST, Route: memberPage/edit/states/update/1]
in APPPATH\Views\Pages\edit.php on line 10.
 1 APPPATH\Views\Pages\edit.php(10): CodeIgniter\Debug\Exceptions->errorHandler(2, 'Trying to access array offset on value of type null', 'C:\\htdocs\\CI4\\app\\Views\\Pages\\edit.php', 10)
 2 SYSTEMPATH\View\View.php(234): include('C:\\htdocs\\CI4\\app\\Views\\Pages\\edit.php')
 3 SYSTEMPATH\View\View.php(237): CodeIgniter\View\View->CodeIgniter\View\{closure}()
 4 SYSTEMPATH\Common.php(1171): CodeIgniter\View\View->render('Pages/edit', [], true)
 5 APPPATH\Controllers\memberPage.php(38): view('Pages/edit', [...])
 6 SYSTEMPATH\CodeIgniter.php(933): App\Controllers\memberPage->edit('states', 'update', '1')
 7 SYSTEMPATH\CodeIgniter.php(509): CodeIgniter\CodeIgniter->runController(Object(App\Controllers\memberPage))
 8 SYSTEMPATH\CodeIgniter.php(355): CodeIgniter\CodeIgniter->handleRequest(null, Object(Config\Cache), false)
 9 SYSTEMPATH\Boot.php(325): CodeIgniter\CodeIgniter->run()
10 SYSTEMPATH\Boot.php(67): CodeIgniter\Boot::runCodeIgniter(Object(CodeIgniter\CodeIgniter))
11 FCPATH\index.php(56): CodeIgniter\Boot::bootWeb(Object(Config\Paths))
CRITICAL - 2024-06-29 17:56:55 --> ErrorException: Trying to access array offset on value of type null
[Method: POST, Route: memberPage/edit/states/update/1]
in APPPATH\Views\Pages\edit.php on line 10.
 1 APPPATH\Views\Pages\edit.php(10): CodeIgniter\Debug\Exceptions->errorHandler(2, 'Trying to access array offset on value of type null', 'C:\\htdocs\\CI4\\app\\Views\\Pages\\edit.php', 10)
 2 SYSTEMPATH\View\View.php(234): include('C:\\htdocs\\CI4\\app\\Views\\Pages\\edit.php')
 3 SYSTEMPATH\View\View.php(237): CodeIgniter\View\View->CodeIgniter\View\{closure}()
 4 SYSTEMPATH\Common.php(1171): CodeIgniter\View\View->render('Pages/edit', [], true)
 5 APPPATH\Controllers\memberPage.php(38): view('Pages/edit', [...])
 6 SYSTEMPATH\CodeIgniter.php(933): App\Controllers\memberPage->edit('states', 'update', '1')
 7 SYSTEMPATH\CodeIgniter.php(509): CodeIgniter\CodeIgniter->runController(Object(App\Controllers\memberPage))
 8 SYSTEMPATH\CodeIgniter.php(355): CodeIgniter\CodeIgniter->handleRequest(null, Object(Config\Cache), false)
 9 SYSTEMPATH\Boot.php(325): CodeIgniter\CodeIgniter->run()
10 SYSTEMPATH\Boot.php(67): CodeIgniter\Boot::runCodeIgniter(Object(CodeIgniter\CodeIgniter))
11 FCPATH\index.php(56): CodeIgniter\Boot::bootWeb(Object(Config\Paths))
CRITICAL - 2024-06-29 17:56:58 --> ErrorException: Trying to access array offset on value of type null
[Method: POST, Route: memberPage/edit/states/update/1]
in APPPATH\Views\Pages\edit.php on line 10.
 1 APPPATH\Views\Pages\edit.php(10): CodeIgniter\Debug\Exceptions->errorHandler(2, 'Trying to access array offset on value of type null', 'C:\\htdocs\\CI4\\app\\Views\\Pages\\edit.php', 10)
 2 SYSTEMPATH\View\View.php(234): include('C:\\htdocs\\CI4\\app\\Views\\Pages\\edit.php')
 3 SYSTEMPATH\View\View.php(237): CodeIgniter\View\View->CodeIgniter\View\{closure}()
 4 SYSTEMPATH\Common.php(1171): CodeIgniter\View\View->render('Pages/edit', [], true)
 5 APPPATH\Controllers\memberPage.php(38): view('Pages/edit', [...])
 6 SYSTEMPATH\CodeIgniter.php(933): App\Controllers\memberPage->edit('states', 'update', '1')
 7 SYSTEMPATH\CodeIgniter.php(509): CodeIgniter\CodeIgniter->runController(Object(App\Controllers\memberPage))
 8 SYSTEMPATH\CodeIgniter.php(355): CodeIgniter\CodeIgniter->handleRequest(null, Object(Config\Cache), false)
 9 SYSTEMPATH\Boot.php(325): CodeIgniter\CodeIgniter->run()
10 SYSTEMPATH\Boot.php(67): CodeIgniter\Boot::runCodeIgniter(Object(CodeIgniter\CodeIgniter))
11 FCPATH\index.php(56): CodeIgniter\Boot::bootWeb(Object(Config\Paths))
CRITICAL - 2024-06-29 17:58:40 --> ErrorException: Trying to access array offset on value of type null
[Method: POST, Route: memberPage/edit/states/update/1]
in APPPATH\Views\Pages\edit.php on line 10.
 1 APPPATH\Views\Pages\edit.php(10): CodeIgniter\Debug\Exceptions->errorHandler(2, 'Trying to access array offset on value of type null', 'C:\\htdocs\\CI4\\app\\Views\\Pages\\edit.php', 10)
 2 SYSTEMPATH\View\View.php(234): include('C:\\htdocs\\CI4\\app\\Views\\Pages\\edit.php')
 3 SYSTEMPATH\View\View.php(237): CodeIgniter\View\View->CodeIgniter\View\{closure}()
 4 SYSTEMPATH\Common.php(1171): CodeIgniter\View\View->render('Pages/edit', [], true)
 5 APPPATH\Controllers\memberPage.php(38): view('Pages/edit', [...])
 6 SYSTEMPATH\CodeIgniter.php(933): App\Controllers\memberPage->edit('states', 'update', '1')
 7 SYSTEMPATH\CodeIgniter.php(509): CodeIgniter\CodeIgniter->runController(Object(App\Controllers\memberPage))
 8 SYSTEMPATH\CodeIgniter.php(355): CodeIgniter\CodeIgniter->handleRequest(null, Object(Config\Cache), false)
 9 SYSTEMPATH\Boot.php(325): CodeIgniter\CodeIgniter->run()
10 SYSTEMPATH\Boot.php(67): CodeIgniter\Boot::runCodeIgniter(Object(CodeIgniter\CodeIgniter))
11 FCPATH\index.php(56): CodeIgniter\Boot::bootWeb(Object(Config\Paths))
