INFO - 2024-06-20 08:36:21 --> Session: Class initialized using 'CodeIgniter\Session\Handlers\FileHandler' driver.
INFO - 2024-06-20 08:41:19 --> Session: Class initialized using 'CodeIgniter\Session\Handlers\FileHandler' driver.
CRITICAL - 2024-06-20 08:41:19 --> Invalid file: "welcome_m20.1.essage"
in SYSTEMPATH\Exceptions\FrameworkException.php on line 33.
 1 SYSTEMPATH\View\View.php(212): CodeIgniter\Exceptions\FrameworkException::forInvalidFile()
 2 SYSTEMPATH\Common.php(1176): CodeIgniter\View\View->render()
 3 APPPATH\Controllers\Ctr\Home.php(11): view()
 4 SYSTEMPATH\CodeIgniter.php(932): App\Controllers\Ctr\Home->index()
 5 SYSTEMPATH\CodeIgniter.php(497): CodeIgniter\CodeIgniter->runController()
 6 SYSTEMPATH\CodeIgniter.php(366): CodeIgniter\CodeIgniter->handleRequest()
 7 FCPATH\index.php(84): CodeIgniter\CodeIgniter->run()
INFO - 2024-06-20 08:42:15 --> Session: Class initialized using 'CodeIgniter\Session\Handlers\FileHandler' driver.
INFO - 2024-06-20 08:43:25 --> Session: Class initialized using 'CodeIgniter\Session\Handlers\FileHandler' driver.
CRITICAL - 2024-06-20 08:43:25 --> Invalid file: "welcome_m1335essage.php"
in SYSTEMPATH\Exceptions\FrameworkException.php on line 33.
 1 SYSTEMPATH\View\View.php(212): CodeIgniter\Exceptions\FrameworkException::forInvalidFile()
 2 SYSTEMPATH\Common.php(1176): CodeIgniter\View\View->render()
 3 APPPATH\Controllers\Ctr\Home.php(11): view()
 4 SYSTEMPATH\CodeIgniter.php(932): App\Controllers\Ctr\Home->index()
 5 SYSTEMPATH\CodeIgniter.php(497): CodeIgniter\CodeIgniter->runController()
 6 SYSTEMPATH\CodeIgniter.php(366): CodeIgniter\CodeIgniter->handleRequest()
 7 FCPATH\index.php(84): CodeIgniter\CodeIgniter->run()
INFO - 2024-06-20 08:44:51 --> Session: Class initialized using 'CodeIgniter\Session\Handlers\FileHandler' driver.
INFO - 2024-06-20 10:12:31 --> Session: Class initialized using 'CodeIgniter\Session\Handlers\FileHandler' driver.
INFO - 2024-06-20 10:12:41 --> Session: Class initialized using 'CodeIgniter\Session\Handlers\FileHandler' driver.
INFO - 2024-06-20 10:13:41 --> Session: Class initialized using 'CodeIgniter\Session\Handlers\FileHandler' driver.
CRITICAL - 2024-06-20 10:20:41 --> Class "app\Controllers\BaseController" not found
in APPPATH\Controllers\Home.php on line 5.
 1 SYSTEMPATH\Router\AutoRouter.php(161): include_once()
 2 SYSTEMPATH\Router\Router.php(510): CodeIgniter\Router\AutoRouter->getRoute()
 3 SYSTEMPATH\Router\Router.php(208): CodeIgniter\Router\Router->autoRoute()
 4 SYSTEMPATH\CodeIgniter.php(813): CodeIgniter\Router\Router->handle()
 5 SYSTEMPATH\CodeIgniter.php(447): CodeIgniter\CodeIgniter->tryToRouteIt()
 6 SYSTEMPATH\CodeIgniter.php(366): CodeIgniter\CodeIgniter->handleRequest()
 7 FCPATH\index.php(84): CodeIgniter\CodeIgniter->run()
CRITICAL - 2024-06-20 10:21:33 --> Class "app\Controllers\BaseController" not found
in APPPATH\Controllers\Home.php on line 5.
 1 SYSTEMPATH\Router\AutoRouter.php(161): include_once()
 2 SYSTEMPATH\Router\Router.php(510): CodeIgniter\Router\AutoRouter->getRoute()
 3 SYSTEMPATH\Router\Router.php(208): CodeIgniter\Router\Router->autoRoute()
 4 SYSTEMPATH\CodeIgniter.php(813): CodeIgniter\Router\Router->handle()
 5 SYSTEMPATH\CodeIgniter.php(447): CodeIgniter\CodeIgniter->tryToRouteIt()
 6 SYSTEMPATH\CodeIgniter.php(366): CodeIgniter\CodeIgniter->handleRequest()
 7 FCPATH\index.php(84): CodeIgniter\CodeIgniter->run()
CRITICAL - 2024-06-20 10:22:35 --> Class "app\Controllers\BaseController" not found
in APPPATH\Controllers\Home.php on line 5.
 1 SYSTEMPATH\Router\AutoRouter.php(161): include_once()
 2 SYSTEMPATH\Router\Router.php(510): CodeIgniter\Router\AutoRouter->getRoute()
 3 SYSTEMPATH\Router\Router.php(208): CodeIgniter\Router\Router->autoRoute()
 4 SYSTEMPATH\CodeIgniter.php(813): CodeIgniter\Router\Router->handle()
 5 SYSTEMPATH\CodeIgniter.php(447): CodeIgniter\CodeIgniter->tryToRouteIt()
 6 SYSTEMPATH\CodeIgniter.php(366): CodeIgniter\CodeIgniter->handleRequest()
 7 FCPATH\index.php(84): CodeIgniter\CodeIgniter->run()
CRITICAL - 2024-06-20 10:22:41 --> Class "app\Controllers\BaseController" not found
in APPPATH\Controllers\Home.php on line 5.
 1 SYSTEMPATH\Router\AutoRouter.php(161): include_once()
 2 SYSTEMPATH\Router\Router.php(510): CodeIgniter\Router\AutoRouter->getRoute()
 3 SYSTEMPATH\Router\Router.php(208): CodeIgniter\Router\Router->autoRoute()
 4 SYSTEMPATH\CodeIgniter.php(813): CodeIgniter\Router\Router->handle()
 5 SYSTEMPATH\CodeIgniter.php(447): CodeIgniter\CodeIgniter->tryToRouteIt()
 6 SYSTEMPATH\CodeIgniter.php(366): CodeIgniter\CodeIgniter->handleRequest()
 7 FCPATH\index.php(84): CodeIgniter\CodeIgniter->run()
CRITICAL - 2024-06-20 10:23:00 --> Class "App\Controllers\Ctr\BaseController" not found
in APPPATH\Controllers\Ctr\Home.php on line 7.
 1 SYSTEMPATH\Autoloader\Autoloader.php(312): include_once()
 2 SYSTEMPATH\Autoloader\Autoloader.php(289): CodeIgniter\Autoloader\Autoloader->includeFile()
 3 SYSTEMPATH\Autoloader\Autoloader.php(267): CodeIgniter\Autoloader\Autoloader->loadInNamespace()
 4 [internal function]: CodeIgniter\Autoloader\Autoloader->loadClass()
 5 SYSTEMPATH\CodeIgniter.php(890): class_exists()
 6 SYSTEMPATH\CodeIgniter.php(484): CodeIgniter\CodeIgniter->startController()
 7 SYSTEMPATH\CodeIgniter.php(366): CodeIgniter\CodeIgniter->handleRequest()
 8 FCPATH\index.php(84): CodeIgniter\CodeIgniter->run()
INFO - 2024-06-20 10:23:06 --> Session: Class initialized using 'CodeIgniter\Session\Handlers\FileHandler' driver.
INFO - 2024-06-20 10:24:06 --> Session: Class initialized using 'CodeIgniter\Session\Handlers\FileHandler' driver.
INFO - 2024-06-20 10:37:13 --> Session: Class initialized using 'CodeIgniter\Session\Handlers\FileHandler' driver.
INFO - 2024-06-20 10:38:54 --> Session: Class initialized using 'CodeIgniter\Session\Handlers\FileHandler' driver.
INFO - 2024-06-20 10:41:17 --> Session: Class initialized using 'CodeIgniter\Session\Handlers\FileHandler' driver.
INFO - 2024-06-20 10:41:55 --> Session: Class initialized using 'CodeIgniter\Session\Handlers\FileHandler' driver.
INFO - 2024-06-20 10:42:58 --> Session: Class initialized using 'CodeIgniter\Session\Handlers\FileHandler' driver.
INFO - 2024-06-20 10:43:14 --> Session: Class initialized using 'CodeIgniter\Session\Handlers\FileHandler' driver.
INFO - 2024-06-20 10:43:15 --> Session: Class initialized using 'CodeIgniter\Session\Handlers\FileHandler' driver.
INFO - 2024-06-20 10:43:29 --> Session: Class initialized using 'CodeIgniter\Session\Handlers\FileHandler' driver.
CRITICAL - 2024-06-20 10:43:29 --> Invalid file: "head.php"
in SYSTEMPATH\Exceptions\FrameworkException.php on line 33.
 1 SYSTEMPATH\View\View.php(212): CodeIgniter\Exceptions\FrameworkException::forInvalidFile()
 2 SYSTEMPATH\Common.php(1176): CodeIgniter\View\View->render()
 3 APPPATH\Controllers\Ctr\Home.php(22): view()
 4 SYSTEMPATH\CodeIgniter.php(932): App\Controllers\Ctr\Home->view()
 5 SYSTEMPATH\CodeIgniter.php(497): CodeIgniter\CodeIgniter->runController()
 6 SYSTEMPATH\CodeIgniter.php(366): CodeIgniter\CodeIgniter->handleRequest()
 7 FCPATH\index.php(84): CodeIgniter\CodeIgniter->run()
INFO - 2024-06-20 10:44:05 --> Session: Class initialized using 'CodeIgniter\Session\Handlers\FileHandler' driver.
INFO - 2024-06-20 10:44:31 --> Session: Class initialized using 'CodeIgniter\Session\Handlers\FileHandler' driver.
INFO - 2024-06-20 10:51:19 --> Session: Class initialized using 'CodeIgniter\Session\Handlers\FileHandler' driver.
INFO - 2024-06-20 10:56:00 --> Session: Class initialized using 'CodeIgniter\Session\Handlers\FileHandler' driver.
INFO - 2024-06-20 10:59:36 --> Session: Class initialized using 'CodeIgniter\Session\Handlers\FileHandler' driver.
INFO - 2024-06-20 11:20:58 --> Session: Class initialized using 'CodeIgniter\Session\Handlers\FileHandler' driver.
CRITICAL - 2024-06-20 11:20:58 --> Undefined variable $content
in APPPATH\Views\ctr\home.php on line 1.
 1 APPPATH\Views\ctr\home.php(1): CodeIgniter\Debug\Exceptions->errorHandler()
 2 SYSTEMPATH\View\View.php(224): include('C:\\htdocs\\Herry\\CI4.3-Herry\\app\\Views\\ctr\\home.php')
 3 SYSTEMPATH\View\View.php(227): CodeIgniter\View\View->CodeIgniter\View\{closure}()
 4 SYSTEMPATH\Common.php(1176): CodeIgniter\View\View->render()
 5 APPPATH\Controllers\Ctr\Home.php(20): view()
 6 SYSTEMPATH\CodeIgniter.php(932): App\Controllers\Ctr\Home->view()
 7 SYSTEMPATH\CodeIgniter.php(497): CodeIgniter\CodeIgniter->runController()
 8 SYSTEMPATH\CodeIgniter.php(366): CodeIgniter\CodeIgniter->handleRequest()
 9 FCPATH\index.php(84): CodeIgniter\CodeIgniter->run()
INFO - 2024-06-20 11:21:27 --> Session: Class initialized using 'CodeIgniter\Session\Handlers\FileHandler' driver.
INFO - 2024-06-20 11:21:30 --> Session: Class initialized using 'CodeIgniter\Session\Handlers\FileHandler' driver.
INFO - 2024-06-20 11:21:32 --> Session: Class initialized using 'CodeIgniter\Session\Handlers\FileHandler' driver.
INFO - 2024-06-20 11:21:34 --> Session: Class initialized using 'CodeIgniter\Session\Handlers\FileHandler' driver.
INFO - 2024-06-20 11:23:08 --> Session: Class initialized using 'CodeIgniter\Session\Handlers\FileHandler' driver.
INFO - 2024-06-20 11:25:11 --> Session: Class initialized using 'CodeIgniter\Session\Handlers\FileHandler' driver.
INFO - 2024-06-20 11:27:30 --> Session: Class initialized using 'CodeIgniter\Session\Handlers\FileHandler' driver.
CRITICAL - 2024-06-20 11:27:30 --> Undefined variable $title
in APPPATH\Views\templates\header.php on line 10.
 1 APPPATH\Views\templates\header.php(10): CodeIgniter\Debug\Exceptions->errorHandler()
 2 SYSTEMPATH\View\View.php(224): include('C:\\htdocs\\Herry\\CI4.3-Herry\\app\\Views\\templates\\header.php')
 3 SYSTEMPATH\View\View.php(227): CodeIgniter\View\View->CodeIgniter\View\{closure}()
 4 SYSTEMPATH\Common.php(1176): CodeIgniter\View\View->render()
 5 APPPATH\Controllers\Ctr\Home.php(19): view()
 6 SYSTEMPATH\CodeIgniter.php(932): App\Controllers\Ctr\Home->view()
 7 SYSTEMPATH\CodeIgniter.php(497): CodeIgniter\CodeIgniter->runController()
 8 SYSTEMPATH\CodeIgniter.php(366): CodeIgniter\CodeIgniter->handleRequest()
 9 FCPATH\index.php(84): CodeIgniter\CodeIgniter->run()
INFO - 2024-06-20 11:44:07 --> Session: Class initialized using 'CodeIgniter\Session\Handlers\FileHandler' driver.
CRITICAL - 2024-06-20 11:44:07 --> Undefined variable $title
in APPPATH\Views\templates\header.php on line 10.
 1 APPPATH\Views\templates\header.php(10): CodeIgniter\Debug\Exceptions->errorHandler()
 2 SYSTEMPATH\View\View.php(224): include('C:\\htdocs\\Herry\\CI4.3-Herry\\app\\Views\\templates\\header.php')
 3 SYSTEMPATH\View\View.php(227): CodeIgniter\View\View->CodeIgniter\View\{closure}()
 4 SYSTEMPATH\Common.php(1176): CodeIgniter\View\View->render()
 5 APPPATH\Controllers\Ctr\Home.php(19): view()
 6 SYSTEMPATH\CodeIgniter.php(932): App\Controllers\Ctr\Home->view()
 7 SYSTEMPATH\CodeIgniter.php(497): CodeIgniter\CodeIgniter->runController()
 8 SYSTEMPATH\CodeIgniter.php(366): CodeIgniter\CodeIgniter->handleRequest()
 9 FCPATH\index.php(84): CodeIgniter\CodeIgniter->run()
INFO - 2024-06-20 11:44:14 --> Session: Class initialized using 'CodeIgniter\Session\Handlers\FileHandler' driver.
INFO - 2024-06-20 11:44:23 --> Session: Class initialized using 'CodeIgniter\Session\Handlers\FileHandler' driver.
CRITICAL - 2024-06-20 11:44:23 --> Undefined variable $data
in APPPATH\Controllers\Ctr\Home.php on line 18.
 1 APPPATH\Controllers\Ctr\Home.php(18): CodeIgniter\Debug\Exceptions->errorHandler()
 2 SYSTEMPATH\CodeIgniter.php(932): App\Controllers\Ctr\Home->view()
 3 SYSTEMPATH\CodeIgniter.php(497): CodeIgniter\CodeIgniter->runController()
 4 SYSTEMPATH\CodeIgniter.php(366): CodeIgniter\CodeIgniter->handleRequest()
 5 FCPATH\index.php(84): CodeIgniter\CodeIgniter->run()
INFO - 2024-06-20 11:44:38 --> Session: Class initialized using 'CodeIgniter\Session\Handlers\FileHandler' driver.
CRITICAL - 2024-06-20 11:44:38 --> Undefined variable $content
in APPPATH\Views\ctr\home.php on line 1.
 1 APPPATH\Views\ctr\home.php(1): CodeIgniter\Debug\Exceptions->errorHandler()
 2 SYSTEMPATH\View\View.php(224): include('C:\\htdocs\\Herry\\CI4.3-Herry\\app\\Views\\ctr\\home.php')
 3 SYSTEMPATH\View\View.php(227): CodeIgniter\View\View->CodeIgniter\View\{closure}()
 4 SYSTEMPATH\Common.php(1176): CodeIgniter\View\View->render()
 5 APPPATH\Controllers\Ctr\Home.php(19): view()
 6 SYSTEMPATH\CodeIgniter.php(932): App\Controllers\Ctr\Home->view()
 7 SYSTEMPATH\CodeIgniter.php(497): CodeIgniter\CodeIgniter->runController()
 8 SYSTEMPATH\CodeIgniter.php(366): CodeIgniter\CodeIgniter->handleRequest()
 9 FCPATH\index.php(84): CodeIgniter\CodeIgniter->run()
INFO - 2024-06-20 11:45:29 --> Session: Class initialized using 'CodeIgniter\Session\Handlers\FileHandler' driver.
CRITICAL - 2024-06-20 11:45:29 --> Undefined variable $content
in APPPATH\Views\ctr\home.php on line 1.
 1 APPPATH\Views\ctr\home.php(1): CodeIgniter\Debug\Exceptions->errorHandler()
 2 SYSTEMPATH\View\View.php(224): include('C:\\htdocs\\Herry\\CI4.3-Herry\\app\\Views\\ctr\\home.php')
 3 SYSTEMPATH\View\View.php(227): CodeIgniter\View\View->CodeIgniter\View\{closure}()
 4 SYSTEMPATH\Common.php(1176): CodeIgniter\View\View->render()
 5 APPPATH\Controllers\Ctr\Home.php(20): view()
 6 SYSTEMPATH\CodeIgniter.php(932): App\Controllers\Ctr\Home->view()
 7 SYSTEMPATH\CodeIgniter.php(497): CodeIgniter\CodeIgniter->runController()
 8 SYSTEMPATH\CodeIgniter.php(366): CodeIgniter\CodeIgniter->handleRequest()
 9 FCPATH\index.php(84): CodeIgniter\CodeIgniter->run()
INFO - 2024-06-20 11:45:58 --> Session: Class initialized using 'CodeIgniter\Session\Handlers\FileHandler' driver.
INFO - 2024-06-20 11:46:27 --> Session: Class initialized using 'CodeIgniter\Session\Handlers\FileHandler' driver.
INFO - 2024-06-20 11:46:40 --> Session: Class initialized using 'CodeIgniter\Session\Handlers\FileHandler' driver.
INFO - 2024-06-20 12:24:31 --> Session: Class initialized using 'CodeIgniter\Session\Handlers\FileHandler' driver.
INFO - 2024-06-20 12:25:33 --> Session: Class initialized using 'CodeIgniter\Session\Handlers\FileHandler' driver.
INFO - 2024-06-20 12:26:13 --> Session: Class initialized using 'CodeIgniter\Session\Handlers\FileHandler' driver.
INFO - 2024-06-20 12:27:23 --> Session: Class initialized using 'CodeIgniter\Session\Handlers\FileHandler' driver.
INFO - 2024-06-20 12:29:09 --> Session: Class initialized using 'CodeIgniter\Session\Handlers\FileHandler' driver.
CRITICAL - 2024-06-20 14:45:11 --> Class "app\Controllers\BaseController" not found
in APPPATH\Controllers\Home.php on line 5.
 1 SYSTEMPATH\Router\AutoRouter.php(161): include_once()
 2 SYSTEMPATH\Router\Router.php(510): CodeIgniter\Router\AutoRouter->getRoute()
 3 SYSTEMPATH\Router\Router.php(208): CodeIgniter\Router\Router->autoRoute()
 4 SYSTEMPATH\CodeIgniter.php(813): CodeIgniter\Router\Router->handle()
 5 SYSTEMPATH\CodeIgniter.php(447): CodeIgniter\CodeIgniter->tryToRouteIt()
 6 SYSTEMPATH\CodeIgniter.php(366): CodeIgniter\CodeIgniter->handleRequest()
 7 FCPATH\index.php(84): CodeIgniter\CodeIgniter->run()
INFO - 2024-06-20 14:50:45 --> Session: Class initialized using 'CodeIgniter\Session\Handlers\FileHandler' driver.
INFO - 2024-06-20 14:51:09 --> Session: Class initialized using 'CodeIgniter\Session\Handlers\FileHandler' driver.
INFO - 2024-06-20 14:51:20 --> Session: Class initialized using 'CodeIgniter\Session\Handlers\FileHandler' driver.
INFO - 2024-06-20 15:06:28 --> Session: Class initialized using 'CodeIgniter\Session\Handlers\FileHandler' driver.
INFO - 2024-06-20 15:28:36 --> Session: Class initialized using 'CodeIgniter\Session\Handlers\FileHandler' driver.
INFO - 2024-06-20 15:31:46 --> Session: Class initialized using 'CodeIgniter\Session\Handlers\FileHandler' driver.
INFO - 2024-06-20 15:31:59 --> Session: Class initialized using 'CodeIgniter\Session\Handlers\FileHandler' driver.
INFO - 2024-06-20 15:32:28 --> Session: Class initialized using 'CodeIgniter\Session\Handlers\FileHandler' driver.
INFO - 2024-06-20 16:18:58 --> Session: Class initialized using 'CodeIgniter\Session\Handlers\FileHandler' driver.
CRITICAL - 2024-06-20 16:18:58 --> Uncaught CodeIgniter\Format\Exceptions\FormatException: Failed to parse JSON string. Error: Malformed UTF-8 characters, possibly incorrectly encoded in C:\htdocs\Herry\CI4.3-Herry\system\Format\JSONFormatter.php:41
Stack trace:
#0 C:\htdocs\Herry\CI4.3-Herry\system\Format\JSONFormatter.php(41): CodeIgniter\Format\Exceptions\FormatException::forInvalidJSON()
#1 C:\htdocs\Herry\CI4.3-Herry\system\API\ResponseTrait.php(345): CodeIgniter\Format\JSONFormatter->format()
#2 C:\htdocs\Herry\CI4.3-Herry\system\API\ResponseTrait.php(98): CodeIgniter\Debug\Exceptions->format()
#3 C:\htdocs\Herry\CI4.3-Herry\system\Debug\Exceptions.php(150): CodeIgniter\Debug\Exceptions->respond()
#4 [internal function]: CodeIgniter\Debug\Exceptions->exceptionHandler()
#5 {main}
  thrown
ã€Previous Exceptionã€‘
CodeIgniter\Exceptions\PageNotFoundException
Can't find a route for 'get: img/·|­ûµn¤J-icon.png'.
#0 C:\htdocs\Herry\CI4.3-Herry\system\CodeIgniter.php(991): CodeIgniter\Exceptions\PageNotFoundException::forPageNotFound()
#1 C:\htdocs\Herry\CI4.3-Herry\system\CodeIgniter.php(385): CodeIgniter\CodeIgniter->display404errors()
#2 C:\htdocs\Herry\CI4.3-Herry\index.php(84): CodeIgniter\CodeIgniter->run()
#3 {main}
in SYSTEMPATH\Format\JSONFormatter.php on line 41.
 1 [internal function]: CodeIgniter\Debug\Exceptions->shutdownHandler()
CRITICAL - 2024-06-20 16:18:58 --> Uncaught CodeIgniter\Format\Exceptions\FormatException: Failed to parse JSON string. Error: Malformed UTF-8 characters, possibly incorrectly encoded in C:\htdocs\Herry\CI4.3-Herry\system\Format\JSONFormatter.php:41
Stack trace:
#0 C:\htdocs\Herry\CI4.3-Herry\system\Format\JSONFormatter.php(41): CodeIgniter\Format\Exceptions\FormatException::forInvalidJSON()
#1 C:\htdocs\Herry\CI4.3-Herry\system\API\ResponseTrait.php(345): CodeIgniter\Format\JSONFormatter->format()
#2 C:\htdocs\Herry\CI4.3-Herry\system\API\ResponseTrait.php(98): CodeIgniter\Debug\Exceptions->format()
#3 C:\htdocs\Herry\CI4.3-Herry\system\Debug\Exceptions.php(150): CodeIgniter\Debug\Exceptions->respond()
#4 [internal function]: CodeIgniter\Debug\Exceptions->exceptionHandler()
#5 {main}
  thrown
ã€Previous Exceptionã€‘
CodeIgniter\Exceptions\PageNotFoundException
Can't find a route for 'get: img/ÁÊª«°Ó«°-icon.png'.
#0 C:\htdocs\Herry\CI4.3-Herry\system\CodeIgniter.php(991): CodeIgniter\Exceptions\PageNotFoundException::forPageNotFound()
#1 C:\htdocs\Herry\CI4.3-Herry\system\CodeIgniter.php(385): CodeIgniter\CodeIgniter->display404errors()
#2 C:\htdocs\Herry\CI4.3-Herry\index.php(84): CodeIgniter\CodeIgniter->run()
#3 {main}
in SYSTEMPATH\Format\JSONFormatter.php on line 41.
 1 [internal function]: CodeIgniter\Debug\Exceptions->shutdownHandler()
CRITICAL - 2024-06-20 16:18:58 --> Uncaught CodeIgniter\Format\Exceptions\FormatException: Failed to parse JSON string. Error: Malformed UTF-8 characters, possibly incorrectly encoded in C:\htdocs\Herry\CI4.3-Herry\system\Format\JSONFormatter.php:41
Stack trace:
#0 C:\htdocs\Herry\CI4.3-Herry\system\Format\JSONFormatter.php(41): CodeIgniter\Format\Exceptions\FormatException::forInvalidJSON()
#1 C:\htdocs\Herry\CI4.3-Herry\system\API\ResponseTrait.php(345): CodeIgniter\Format\JSONFormatter->format()
#2 C:\htdocs\Herry\CI4.3-Herry\system\API\ResponseTrait.php(98): CodeIgniter\Debug\Exceptions->format()
#3 C:\htdocs\Herry\CI4.3-Herry\system\Debug\Exceptions.php(150): CodeIgniter\Debug\Exceptions->respond()
#4 [internal function]: CodeIgniter\Debug\Exceptions->exceptionHandler()
#5 {main}
  thrown
ã€Previous Exceptionã€‘
CodeIgniter\Exceptions\PageNotFoundException
Can't find a route for 'get: img/©ñ¤jÃè-icon.png'.
#0 C:\htdocs\Herry\CI4.3-Herry\system\CodeIgniter.php(991): CodeIgniter\Exceptions\PageNotFoundException::forPageNotFound()
#1 C:\htdocs\Herry\CI4.3-Herry\system\CodeIgniter.php(385): CodeIgniter\CodeIgniter->display404errors()
#2 C:\htdocs\Herry\CI4.3-Herry\index.php(84): CodeIgniter\CodeIgniter->run()
#3 {main}
in SYSTEMPATH\Format\JSONFormatter.php on line 41.
 1 [internal function]: CodeIgniter\Debug\Exceptions->shutdownHandler()
INFO - 2024-06-20 16:26:53 --> Session: Class initialized using 'CodeIgniter\Session\Handlers\FileHandler' driver.
CRITICAL - 2024-06-20 16:26:53 --> Uncaught CodeIgniter\Format\Exceptions\FormatException: Failed to parse JSON string. Error: Malformed UTF-8 characters, possibly incorrectly encoded in C:\htdocs\Herry\CI4.3-Herry\system\Format\JSONFormatter.php:41
Stack trace:
#0 C:\htdocs\Herry\CI4.3-Herry\system\Format\JSONFormatter.php(41): CodeIgniter\Format\Exceptions\FormatException::forInvalidJSON()
#1 C:\htdocs\Herry\CI4.3-Herry\system\API\ResponseTrait.php(345): CodeIgniter\Format\JSONFormatter->format()
#2 C:\htdocs\Herry\CI4.3-Herry\system\API\ResponseTrait.php(98): CodeIgniter\Debug\Exceptions->format()
#3 C:\htdocs\Herry\CI4.3-Herry\system\Debug\Exceptions.php(150): CodeIgniter\Debug\Exceptions->respond()
#4 [internal function]: CodeIgniter\Debug\Exceptions->exceptionHandler()
#5 {main}
  thrown
ã€Previous Exceptionã€‘
CodeIgniter\Exceptions\PageNotFoundException
Can't find a route for 'get: img/·|­ûµn¤J-icon.png'.
#0 C:\htdocs\Herry\CI4.3-Herry\system\CodeIgniter.php(991): CodeIgniter\Exceptions\PageNotFoundException::forPageNotFound()
#1 C:\htdocs\Herry\CI4.3-Herry\system\CodeIgniter.php(385): CodeIgniter\CodeIgniter->display404errors()
#2 C:\htdocs\Herry\CI4.3-Herry\index.php(84): CodeIgniter\CodeIgniter->run()
#3 {main}
in SYSTEMPATH\Format\JSONFormatter.php on line 41.
 1 [internal function]: CodeIgniter\Debug\Exceptions->shutdownHandler()
CRITICAL - 2024-06-20 16:26:53 --> Uncaught CodeIgniter\Format\Exceptions\FormatException: Failed to parse JSON string. Error: Malformed UTF-8 characters, possibly incorrectly encoded in C:\htdocs\Herry\CI4.3-Herry\system\Format\JSONFormatter.php:41
Stack trace:
#0 C:\htdocs\Herry\CI4.3-Herry\system\Format\JSONFormatter.php(41): CodeIgniter\Format\Exceptions\FormatException::forInvalidJSON()
#1 C:\htdocs\Herry\CI4.3-Herry\system\API\ResponseTrait.php(345): CodeIgniter\Format\JSONFormatter->format()
#2 C:\htdocs\Herry\CI4.3-Herry\system\API\ResponseTrait.php(98): CodeIgniter\Debug\Exceptions->format()
#3 C:\htdocs\Herry\CI4.3-Herry\system\Debug\Exceptions.php(150): CodeIgniter\Debug\Exceptions->respond()
#4 [internal function]: CodeIgniter\Debug\Exceptions->exceptionHandler()
#5 {main}
  thrown
ã€Previous Exceptionã€‘
CodeIgniter\Exceptions\PageNotFoundException
Can't find a route for 'get: img/ÁÊª«°Ó«°-icon.png'.
#0 C:\htdocs\Herry\CI4.3-Herry\system\CodeIgniter.php(991): CodeIgniter\Exceptions\PageNotFoundException::forPageNotFound()
#1 C:\htdocs\Herry\CI4.3-Herry\system\CodeIgniter.php(385): CodeIgniter\CodeIgniter->display404errors()
#2 C:\htdocs\Herry\CI4.3-Herry\index.php(84): CodeIgniter\CodeIgniter->run()
#3 {main}
in SYSTEMPATH\Format\JSONFormatter.php on line 41.
 1 [internal function]: CodeIgniter\Debug\Exceptions->shutdownHandler()
CRITICAL - 2024-06-20 16:26:53 --> Uncaught CodeIgniter\Format\Exceptions\FormatException: Failed to parse JSON string. Error: Malformed UTF-8 characters, possibly incorrectly encoded in C:\htdocs\Herry\CI4.3-Herry\system\Format\JSONFormatter.php:41
Stack trace:
#0 C:\htdocs\Herry\CI4.3-Herry\system\Format\JSONFormatter.php(41): CodeIgniter\Format\Exceptions\FormatException::forInvalidJSON()
#1 C:\htdocs\Herry\CI4.3-Herry\system\API\ResponseTrait.php(345): CodeIgniter\Format\JSONFormatter->format()
#2 C:\htdocs\Herry\CI4.3-Herry\system\API\ResponseTrait.php(98): CodeIgniter\Debug\Exceptions->format()
#3 C:\htdocs\Herry\CI4.3-Herry\system\Debug\Exceptions.php(150): CodeIgniter\Debug\Exceptions->respond()
#4 [internal function]: CodeIgniter\Debug\Exceptions->exceptionHandler()
#5 {main}
  thrown
ã€Previous Exceptionã€‘
CodeIgniter\Exceptions\PageNotFoundException
Can't find a route for 'get: img/©ñ¤jÃè-icon.png'.
#0 C:\htdocs\Herry\CI4.3-Herry\system\CodeIgniter.php(991): CodeIgniter\Exceptions\PageNotFoundException::forPageNotFound()
#1 C:\htdocs\Herry\CI4.3-Herry\system\CodeIgniter.php(385): CodeIgniter\CodeIgniter->display404errors()
#2 C:\htdocs\Herry\CI4.3-Herry\index.php(84): CodeIgniter\CodeIgniter->run()
#3 {main}
in SYSTEMPATH\Format\JSONFormatter.php on line 41.
 1 [internal function]: CodeIgniter\Debug\Exceptions->shutdownHandler()
INFO - 2024-06-20 16:27:47 --> Session: Class initialized using 'CodeIgniter\Session\Handlers\FileHandler' driver.
CRITICAL - 2024-06-20 16:27:47 --> Uncaught CodeIgniter\Format\Exceptions\FormatException: Failed to parse JSON string. Error: Malformed UTF-8 characters, possibly incorrectly encoded in C:\htdocs\Herry\CI4.3-Herry\system\Format\JSONFormatter.php:41
Stack trace:
#0 C:\htdocs\Herry\CI4.3-Herry\system\Format\JSONFormatter.php(41): CodeIgniter\Format\Exceptions\FormatException::forInvalidJSON()
#1 C:\htdocs\Herry\CI4.3-Herry\system\API\ResponseTrait.php(345): CodeIgniter\Format\JSONFormatter->format()
#2 C:\htdocs\Herry\CI4.3-Herry\system\API\ResponseTrait.php(98): CodeIgniter\Debug\Exceptions->format()
#3 C:\htdocs\Herry\CI4.3-Herry\system\Debug\Exceptions.php(150): CodeIgniter\Debug\Exceptions->respond()
#4 [internal function]: CodeIgniter\Debug\Exceptions->exceptionHandler()
#5 {main}
  thrown
ã€Previous Exceptionã€‘
CodeIgniter\Exceptions\PageNotFoundException
Can't find a route for 'get: img/·|­ûµn¤J-icon.png'.
#0 C:\htdocs\Herry\CI4.3-Herry\system\CodeIgniter.php(991): CodeIgniter\Exceptions\PageNotFoundException::forPageNotFound()
#1 C:\htdocs\Herry\CI4.3-Herry\system\CodeIgniter.php(385): CodeIgniter\CodeIgniter->display404errors()
#2 C:\htdocs\Herry\CI4.3-Herry\index.php(84): CodeIgniter\CodeIgniter->run()
#3 {main}
in SYSTEMPATH\Format\JSONFormatter.php on line 41.
 1 [internal function]: CodeIgniter\Debug\Exceptions->shutdownHandler()
CRITICAL - 2024-06-20 16:27:47 --> Uncaught CodeIgniter\Format\Exceptions\FormatException: Failed to parse JSON string. Error: Malformed UTF-8 characters, possibly incorrectly encoded in C:\htdocs\Herry\CI4.3-Herry\system\Format\JSONFormatter.php:41
Stack trace:
#0 C:\htdocs\Herry\CI4.3-Herry\system\Format\JSONFormatter.php(41): CodeIgniter\Format\Exceptions\FormatException::forInvalidJSON()
#1 C:\htdocs\Herry\CI4.3-Herry\system\API\ResponseTrait.php(345): CodeIgniter\Format\JSONFormatter->format()
#2 C:\htdocs\Herry\CI4.3-Herry\system\API\ResponseTrait.php(98): CodeIgniter\Debug\Exceptions->format()
#3 C:\htdocs\Herry\CI4.3-Herry\system\Debug\Exceptions.php(150): CodeIgniter\Debug\Exceptions->respond()
#4 [internal function]: CodeIgniter\Debug\Exceptions->exceptionHandler()
#5 {main}
  thrown
ã€Previous Exceptionã€‘
CodeIgniter\Exceptions\PageNotFoundException
Can't find a route for 'get: img/ÁÊª«°Ó«°-icon.png'.
#0 C:\htdocs\Herry\CI4.3-Herry\system\CodeIgniter.php(991): CodeIgniter\Exceptions\PageNotFoundException::forPageNotFound()
#1 C:\htdocs\Herry\CI4.3-Herry\system\CodeIgniter.php(385): CodeIgniter\CodeIgniter->display404errors()
#2 C:\htdocs\Herry\CI4.3-Herry\index.php(84): CodeIgniter\CodeIgniter->run()
#3 {main}
in SYSTEMPATH\Format\JSONFormatter.php on line 41.
 1 [internal function]: CodeIgniter\Debug\Exceptions->shutdownHandler()
CRITICAL - 2024-06-20 16:27:47 --> Uncaught CodeIgniter\Format\Exceptions\FormatException: Failed to parse JSON string. Error: Malformed UTF-8 characters, possibly incorrectly encoded in C:\htdocs\Herry\CI4.3-Herry\system\Format\JSONFormatter.php:41
Stack trace:
#0 C:\htdocs\Herry\CI4.3-Herry\system\Format\JSONFormatter.php(41): CodeIgniter\Format\Exceptions\FormatException::forInvalidJSON()
#1 C:\htdocs\Herry\CI4.3-Herry\system\API\ResponseTrait.php(345): CodeIgniter\Format\JSONFormatter->format()
#2 C:\htdocs\Herry\CI4.3-Herry\system\API\ResponseTrait.php(98): CodeIgniter\Debug\Exceptions->format()
#3 C:\htdocs\Herry\CI4.3-Herry\system\Debug\Exceptions.php(150): CodeIgniter\Debug\Exceptions->respond()
#4 [internal function]: CodeIgniter\Debug\Exceptions->exceptionHandler()
#5 {main}
  thrown
ã€Previous Exceptionã€‘
CodeIgniter\Exceptions\PageNotFoundException
Can't find a route for 'get: img/©ñ¤jÃè-icon.png'.
#0 C:\htdocs\Herry\CI4.3-Herry\system\CodeIgniter.php(991): CodeIgniter\Exceptions\PageNotFoundException::forPageNotFound()
#1 C:\htdocs\Herry\CI4.3-Herry\system\CodeIgniter.php(385): CodeIgniter\CodeIgniter->display404errors()
#2 C:\htdocs\Herry\CI4.3-Herry\index.php(84): CodeIgniter\CodeIgniter->run()
#3 {main}
in SYSTEMPATH\Format\JSONFormatter.php on line 41.
 1 [internal function]: CodeIgniter\Debug\Exceptions->shutdownHandler()
INFO - 2024-06-20 16:28:11 --> Session: Class initialized using 'CodeIgniter\Session\Handlers\FileHandler' driver.
CRITICAL - 2024-06-20 16:28:11 --> Uncaught CodeIgniter\Format\Exceptions\FormatException: Failed to parse JSON string. Error: Malformed UTF-8 characters, possibly incorrectly encoded in C:\htdocs\Herry\CI4.3-Herry\system\Format\JSONFormatter.php:41
Stack trace:
#0 C:\htdocs\Herry\CI4.3-Herry\system\Format\JSONFormatter.php(41): CodeIgniter\Format\Exceptions\FormatException::forInvalidJSON()
#1 C:\htdocs\Herry\CI4.3-Herry\system\API\ResponseTrait.php(345): CodeIgniter\Format\JSONFormatter->format()
#2 C:\htdocs\Herry\CI4.3-Herry\system\API\ResponseTrait.php(98): CodeIgniter\Debug\Exceptions->format()
#3 C:\htdocs\Herry\CI4.3-Herry\system\Debug\Exceptions.php(150): CodeIgniter\Debug\Exceptions->respond()
#4 [internal function]: CodeIgniter\Debug\Exceptions->exceptionHandler()
#5 {main}
  thrown
ã€Previous Exceptionã€‘
CodeIgniter\Exceptions\PageNotFoundException
Can't find a route for 'get: img/ÁÊª«°Ó«°-icon.png'.
#0 C:\htdocs\Herry\CI4.3-Herry\system\CodeIgniter.php(991): CodeIgniter\Exceptions\PageNotFoundException::forPageNotFound()
#1 C:\htdocs\Herry\CI4.3-Herry\system\CodeIgniter.php(385): CodeIgniter\CodeIgniter->display404errors()
#2 C:\htdocs\Herry\CI4.3-Herry\index.php(84): CodeIgniter\CodeIgniter->run()
#3 {main}
in SYSTEMPATH\Format\JSONFormatter.php on line 41.
 1 [internal function]: CodeIgniter\Debug\Exceptions->shutdownHandler()
CRITICAL - 2024-06-20 16:28:11 --> Uncaught CodeIgniter\Format\Exceptions\FormatException: Failed to parse JSON string. Error: Malformed UTF-8 characters, possibly incorrectly encoded in C:\htdocs\Herry\CI4.3-Herry\system\Format\JSONFormatter.php:41
Stack trace:
#0 C:\htdocs\Herry\CI4.3-Herry\system\Format\JSONFormatter.php(41): CodeIgniter\Format\Exceptions\FormatException::forInvalidJSON()
#1 C:\htdocs\Herry\CI4.3-Herry\system\API\ResponseTrait.php(345): CodeIgniter\Format\JSONFormatter->format()
#2 C:\htdocs\Herry\CI4.3-Herry\system\API\ResponseTrait.php(98): CodeIgniter\Debug\Exceptions->format()
#3 C:\htdocs\Herry\CI4.3-Herry\system\Debug\Exceptions.php(150): CodeIgniter\Debug\Exceptions->respond()
#4 [internal function]: CodeIgniter\Debug\Exceptions->exceptionHandler()
#5 {main}
  thrown
ã€Previous Exceptionã€‘
CodeIgniter\Exceptions\PageNotFoundException
Can't find a route for 'get: img/·|­ûµn¤J-icon.png'.
#0 C:\htdocs\Herry\CI4.3-Herry\system\CodeIgniter.php(991): CodeIgniter\Exceptions\PageNotFoundException::forPageNotFound()
#1 C:\htdocs\Herry\CI4.3-Herry\system\CodeIgniter.php(385): CodeIgniter\CodeIgniter->display404errors()
#2 C:\htdocs\Herry\CI4.3-Herry\index.php(84): CodeIgniter\CodeIgniter->run()
#3 {main}
in SYSTEMPATH\Format\JSONFormatter.php on line 41.
 1 [internal function]: CodeIgniter\Debug\Exceptions->shutdownHandler()
CRITICAL - 2024-06-20 16:28:11 --> Uncaught CodeIgniter\Format\Exceptions\FormatException: Failed to parse JSON string. Error: Malformed UTF-8 characters, possibly incorrectly encoded in C:\htdocs\Herry\CI4.3-Herry\system\Format\JSONFormatter.php:41
Stack trace:
#0 C:\htdocs\Herry\CI4.3-Herry\system\Format\JSONFormatter.php(41): CodeIgniter\Format\Exceptions\FormatException::forInvalidJSON()
#1 C:\htdocs\Herry\CI4.3-Herry\system\API\ResponseTrait.php(345): CodeIgniter\Format\JSONFormatter->format()
#2 C:\htdocs\Herry\CI4.3-Herry\system\API\ResponseTrait.php(98): CodeIgniter\Debug\Exceptions->format()
#3 C:\htdocs\Herry\CI4.3-Herry\system\Debug\Exceptions.php(150): CodeIgniter\Debug\Exceptions->respond()
#4 [internal function]: CodeIgniter\Debug\Exceptions->exceptionHandler()
#5 {main}
  thrown
ã€Previous Exceptionã€‘
CodeIgniter\Exceptions\PageNotFoundException
Can't find a route for 'get: img/©ñ¤jÃè-icon.png'.
#0 C:\htdocs\Herry\CI4.3-Herry\system\CodeIgniter.php(991): CodeIgniter\Exceptions\PageNotFoundException::forPageNotFound()
#1 C:\htdocs\Herry\CI4.3-Herry\system\CodeIgniter.php(385): CodeIgniter\CodeIgniter->display404errors()
#2 C:\htdocs\Herry\CI4.3-Herry\index.php(84): CodeIgniter\CodeIgniter->run()
#3 {main}
in SYSTEMPATH\Format\JSONFormatter.php on line 41.
 1 [internal function]: CodeIgniter\Debug\Exceptions->shutdownHandler()
INFO - 2024-06-20 16:28:19 --> Session: Class initialized using 'CodeIgniter\Session\Handlers\FileHandler' driver.
CRITICAL - 2024-06-20 16:28:19 --> Uncaught CodeIgniter\Format\Exceptions\FormatException: Failed to parse JSON string. Error: Malformed UTF-8 characters, possibly incorrectly encoded in C:\htdocs\Herry\CI4.3-Herry\system\Format\JSONFormatter.php:41
Stack trace:
#0 C:\htdocs\Herry\CI4.3-Herry\system\Format\JSONFormatter.php(41): CodeIgniter\Format\Exceptions\FormatException::forInvalidJSON()
#1 C:\htdocs\Herry\CI4.3-Herry\system\API\ResponseTrait.php(345): CodeIgniter\Format\JSONFormatter->format()
#2 C:\htdocs\Herry\CI4.3-Herry\system\API\ResponseTrait.php(98): CodeIgniter\Debug\Exceptions->format()
#3 C:\htdocs\Herry\CI4.3-Herry\system\Debug\Exceptions.php(150): CodeIgniter\Debug\Exceptions->respond()
#4 [internal function]: CodeIgniter\Debug\Exceptions->exceptionHandler()
#5 {main}
  thrown
ã€Previous Exceptionã€‘
CodeIgniter\Exceptions\PageNotFoundException
Can't find a route for 'get: img/·|­ûµn¤J-icon.png'.
#0 C:\htdocs\Herry\CI4.3-Herry\system\CodeIgniter.php(991): CodeIgniter\Exceptions\PageNotFoundException::forPageNotFound()
#1 C:\htdocs\Herry\CI4.3-Herry\system\CodeIgniter.php(385): CodeIgniter\CodeIgniter->display404errors()
#2 C:\htdocs\Herry\CI4.3-Herry\index.php(84): CodeIgniter\CodeIgniter->run()
#3 {main}
in SYSTEMPATH\Format\JSONFormatter.php on line 41.
 1 [internal function]: CodeIgniter\Debug\Exceptions->shutdownHandler()
CRITICAL - 2024-06-20 16:28:19 --> Uncaught CodeIgniter\Format\Exceptions\FormatException: Failed to parse JSON string. Error: Malformed UTF-8 characters, possibly incorrectly encoded in C:\htdocs\Herry\CI4.3-Herry\system\Format\JSONFormatter.php:41
Stack trace:
#0 C:\htdocs\Herry\CI4.3-Herry\system\Format\JSONFormatter.php(41): CodeIgniter\Format\Exceptions\FormatException::forInvalidJSON()
#1 C:\htdocs\Herry\CI4.3-Herry\system\API\ResponseTrait.php(345): CodeIgniter\Format\JSONFormatter->format()
#2 C:\htdocs\Herry\CI4.3-Herry\system\API\ResponseTrait.php(98): CodeIgniter\Debug\Exceptions->format()
#3 C:\htdocs\Herry\CI4.3-Herry\system\Debug\Exceptions.php(150): CodeIgniter\Debug\Exceptions->respond()
#4 [internal function]: CodeIgniter\Debug\Exceptions->exceptionHandler()
#5 {main}
  thrown
ã€Previous Exceptionã€‘
CodeIgniter\Exceptions\PageNotFoundException
Can't find a route for 'get: img/ÁÊª«°Ó«°-icon.png'.
#0 C:\htdocs\Herry\CI4.3-Herry\system\CodeIgniter.php(991): CodeIgniter\Exceptions\PageNotFoundException::forPageNotFound()
#1 C:\htdocs\Herry\CI4.3-Herry\system\CodeIgniter.php(385): CodeIgniter\CodeIgniter->display404errors()
#2 C:\htdocs\Herry\CI4.3-Herry\index.php(84): CodeIgniter\CodeIgniter->run()
#3 {main}
in SYSTEMPATH\Format\JSONFormatter.php on line 41.
 1 [internal function]: CodeIgniter\Debug\Exceptions->shutdownHandler()
CRITICAL - 2024-06-20 16:28:20 --> Uncaught CodeIgniter\Format\Exceptions\FormatException: Failed to parse JSON string. Error: Malformed UTF-8 characters, possibly incorrectly encoded in C:\htdocs\Herry\CI4.3-Herry\system\Format\JSONFormatter.php:41
Stack trace:
#0 C:\htdocs\Herry\CI4.3-Herry\system\Format\JSONFormatter.php(41): CodeIgniter\Format\Exceptions\FormatException::forInvalidJSON()
#1 C:\htdocs\Herry\CI4.3-Herry\system\API\ResponseTrait.php(345): CodeIgniter\Format\JSONFormatter->format()
#2 C:\htdocs\Herry\CI4.3-Herry\system\API\ResponseTrait.php(98): CodeIgniter\Debug\Exceptions->format()
#3 C:\htdocs\Herry\CI4.3-Herry\system\Debug\Exceptions.php(150): CodeIgniter\Debug\Exceptions->respond()
#4 [internal function]: CodeIgniter\Debug\Exceptions->exceptionHandler()
#5 {main}
  thrown
ã€Previous Exceptionã€‘
CodeIgniter\Exceptions\PageNotFoundException
Can't find a route for 'get: img/©ñ¤jÃè-icon.png'.
#0 C:\htdocs\Herry\CI4.3-Herry\system\CodeIgniter.php(991): CodeIgniter\Exceptions\PageNotFoundException::forPageNotFound()
#1 C:\htdocs\Herry\CI4.3-Herry\system\CodeIgniter.php(385): CodeIgniter\CodeIgniter->display404errors()
#2 C:\htdocs\Herry\CI4.3-Herry\index.php(84): CodeIgniter\CodeIgniter->run()
#3 {main}
in SYSTEMPATH\Format\JSONFormatter.php on line 41.
 1 [internal function]: CodeIgniter\Debug\Exceptions->shutdownHandler()
INFO - 2024-06-20 16:29:14 --> Session: Class initialized using 'CodeIgniter\Session\Handlers\FileHandler' driver.
INFO - 2024-06-20 16:32:42 --> Session: Class initialized using 'CodeIgniter\Session\Handlers\FileHandler' driver.
CRITICAL - 2024-06-20 16:32:42 --> Uncaught CodeIgniter\Format\Exceptions\FormatException: Failed to parse JSON string. Error: Malformed UTF-8 characters, possibly incorrectly encoded in C:\htdocs\Herry\CI4.3-Herry\system\Format\JSONFormatter.php:41
Stack trace:
#0 C:\htdocs\Herry\CI4.3-Herry\system\Format\JSONFormatter.php(41): CodeIgniter\Format\Exceptions\FormatException::forInvalidJSON()
#1 C:\htdocs\Herry\CI4.3-Herry\system\API\ResponseTrait.php(345): CodeIgniter\Format\JSONFormatter->format()
#2 C:\htdocs\Herry\CI4.3-Herry\system\API\ResponseTrait.php(98): CodeIgniter\Debug\Exceptions->format()
#3 C:\htdocs\Herry\CI4.3-Herry\system\Debug\Exceptions.php(150): CodeIgniter\Debug\Exceptions->respond()
#4 [internal function]: CodeIgniter\Debug\Exceptions->exceptionHandler()
#5 {main}
  thrown
ã€Previous Exceptionã€‘
CodeIgniter\Exceptions\PageNotFoundException
Can't find a route for 'get: img/·|­ûµn¤J-icon.png'.
#0 C:\htdocs\Herry\CI4.3-Herry\system\CodeIgniter.php(991): CodeIgniter\Exceptions\PageNotFoundException::forPageNotFound()
#1 C:\htdocs\Herry\CI4.3-Herry\system\CodeIgniter.php(385): CodeIgniter\CodeIgniter->display404errors()
#2 C:\htdocs\Herry\CI4.3-Herry\index.php(84): CodeIgniter\CodeIgniter->run()
#3 {main}
in SYSTEMPATH\Format\JSONFormatter.php on line 41.
 1 [internal function]: CodeIgniter\Debug\Exceptions->shutdownHandler()
CRITICAL - 2024-06-20 16:32:42 --> Uncaught CodeIgniter\Format\Exceptions\FormatException: Failed to parse JSON string. Error: Malformed UTF-8 characters, possibly incorrectly encoded in C:\htdocs\Herry\CI4.3-Herry\system\Format\JSONFormatter.php:41
Stack trace:
#0 C:\htdocs\Herry\CI4.3-Herry\system\Format\JSONFormatter.php(41): CodeIgniter\Format\Exceptions\FormatException::forInvalidJSON()
#1 C:\htdocs\Herry\CI4.3-Herry\system\API\ResponseTrait.php(345): CodeIgniter\Format\JSONFormatter->format()
#2 C:\htdocs\Herry\CI4.3-Herry\system\API\ResponseTrait.php(98): CodeIgniter\Debug\Exceptions->format()
#3 C:\htdocs\Herry\CI4.3-Herry\system\Debug\Exceptions.php(150): CodeIgniter\Debug\Exceptions->respond()
#4 [internal function]: CodeIgniter\Debug\Exceptions->exceptionHandler()
#5 {main}
  thrown
ã€Previous Exceptionã€‘
CodeIgniter\Exceptions\PageNotFoundException
Can't find a route for 'get: img/ÁÊª«°Ó«°-icon.png'.
#0 C:\htdocs\Herry\CI4.3-Herry\system\CodeIgniter.php(991): CodeIgniter\Exceptions\PageNotFoundException::forPageNotFound()
#1 C:\htdocs\Herry\CI4.3-Herry\system\CodeIgniter.php(385): CodeIgniter\CodeIgniter->display404errors()
#2 C:\htdocs\Herry\CI4.3-Herry\index.php(84): CodeIgniter\CodeIgniter->run()
#3 {main}
in SYSTEMPATH\Format\JSONFormatter.php on line 41.
 1 [internal function]: CodeIgniter\Debug\Exceptions->shutdownHandler()
CRITICAL - 2024-06-20 16:32:42 --> Uncaught CodeIgniter\Format\Exceptions\FormatException: Failed to parse JSON string. Error: Malformed UTF-8 characters, possibly incorrectly encoded in C:\htdocs\Herry\CI4.3-Herry\system\Format\JSONFormatter.php:41
Stack trace:
#0 C:\htdocs\Herry\CI4.3-Herry\system\Format\JSONFormatter.php(41): CodeIgniter\Format\Exceptions\FormatException::forInvalidJSON()
#1 C:\htdocs\Herry\CI4.3-Herry\system\API\ResponseTrait.php(345): CodeIgniter\Format\JSONFormatter->format()
#2 C:\htdocs\Herry\CI4.3-Herry\system\API\ResponseTrait.php(98): CodeIgniter\Debug\Exceptions->format()
#3 C:\htdocs\Herry\CI4.3-Herry\system\Debug\Exceptions.php(150): CodeIgniter\Debug\Exceptions->respond()
#4 [internal function]: CodeIgniter\Debug\Exceptions->exceptionHandler()
#5 {main}
  thrown
ã€Previous Exceptionã€‘
CodeIgniter\Exceptions\PageNotFoundException
Can't find a route for 'get: img/©ñ¤jÃè-icon.png'.
#0 C:\htdocs\Herry\CI4.3-Herry\system\CodeIgniter.php(991): CodeIgniter\Exceptions\PageNotFoundException::forPageNotFound()
#1 C:\htdocs\Herry\CI4.3-Herry\system\CodeIgniter.php(385): CodeIgniter\CodeIgniter->display404errors()
#2 C:\htdocs\Herry\CI4.3-Herry\index.php(84): CodeIgniter\CodeIgniter->run()
#3 {main}
in SYSTEMPATH\Format\JSONFormatter.php on line 41.
 1 [internal function]: CodeIgniter\Debug\Exceptions->shutdownHandler()
INFO - 2024-06-20 16:33:32 --> Session: Class initialized using 'CodeIgniter\Session\Handlers\FileHandler' driver.
CRITICAL - 2024-06-20 16:33:32 --> Uncaught CodeIgniter\Format\Exceptions\FormatException: Failed to parse JSON string. Error: Malformed UTF-8 characters, possibly incorrectly encoded in C:\htdocs\Herry\CI4.3-Herry\system\Format\JSONFormatter.php:41
Stack trace:
#0 C:\htdocs\Herry\CI4.3-Herry\system\Format\JSONFormatter.php(41): CodeIgniter\Format\Exceptions\FormatException::forInvalidJSON()
#1 C:\htdocs\Herry\CI4.3-Herry\system\API\ResponseTrait.php(345): CodeIgniter\Format\JSONFormatter->format()
#2 C:\htdocs\Herry\CI4.3-Herry\system\API\ResponseTrait.php(98): CodeIgniter\Debug\Exceptions->format()
#3 C:\htdocs\Herry\CI4.3-Herry\system\Debug\Exceptions.php(150): CodeIgniter\Debug\Exceptions->respond()
#4 [internal function]: CodeIgniter\Debug\Exceptions->exceptionHandler()
#5 {main}
  thrown
ã€Previous Exceptionã€‘
CodeIgniter\Exceptions\PageNotFoundException
Can't find a route for 'get: img/·|­ûµn¤J-icon.png'.
#0 C:\htdocs\Herry\CI4.3-Herry\system\CodeIgniter.php(991): CodeIgniter\Exceptions\PageNotFoundException::forPageNotFound()
#1 C:\htdocs\Herry\CI4.3-Herry\system\CodeIgniter.php(385): CodeIgniter\CodeIgniter->display404errors()
#2 C:\htdocs\Herry\CI4.3-Herry\index.php(84): CodeIgniter\CodeIgniter->run()
#3 {main}
in SYSTEMPATH\Format\JSONFormatter.php on line 41.
 1 [internal function]: CodeIgniter\Debug\Exceptions->shutdownHandler()
CRITICAL - 2024-06-20 16:33:32 --> Uncaught CodeIgniter\Format\Exceptions\FormatException: Failed to parse JSON string. Error: Malformed UTF-8 characters, possibly incorrectly encoded in C:\htdocs\Herry\CI4.3-Herry\system\Format\JSONFormatter.php:41
Stack trace:
#0 C:\htdocs\Herry\CI4.3-Herry\system\Format\JSONFormatter.php(41): CodeIgniter\Format\Exceptions\FormatException::forInvalidJSON()
#1 C:\htdocs\Herry\CI4.3-Herry\system\API\ResponseTrait.php(345): CodeIgniter\Format\JSONFormatter->format()
#2 C:\htdocs\Herry\CI4.3-Herry\system\API\ResponseTrait.php(98): CodeIgniter\Debug\Exceptions->format()
#3 C:\htdocs\Herry\CI4.3-Herry\system\Debug\Exceptions.php(150): CodeIgniter\Debug\Exceptions->respond()
#4 [internal function]: CodeIgniter\Debug\Exceptions->exceptionHandler()
#5 {main}
  thrown
ã€Previous Exceptionã€‘
CodeIgniter\Exceptions\PageNotFoundException
Can't find a route for 'get: img/ÁÊª«°Ó«°-icon.png'.
#0 C:\htdocs\Herry\CI4.3-Herry\system\CodeIgniter.php(991): CodeIgniter\Exceptions\PageNotFoundException::forPageNotFound()
#1 C:\htdocs\Herry\CI4.3-Herry\system\CodeIgniter.php(385): CodeIgniter\CodeIgniter->display404errors()
#2 C:\htdocs\Herry\CI4.3-Herry\index.php(84): CodeIgniter\CodeIgniter->run()
#3 {main}
in SYSTEMPATH\Format\JSONFormatter.php on line 41.
 1 [internal function]: CodeIgniter\Debug\Exceptions->shutdownHandler()
CRITICAL - 2024-06-20 16:33:32 --> Uncaught CodeIgniter\Format\Exceptions\FormatException: Failed to parse JSON string. Error: Malformed UTF-8 characters, possibly incorrectly encoded in C:\htdocs\Herry\CI4.3-Herry\system\Format\JSONFormatter.php:41
Stack trace:
#0 C:\htdocs\Herry\CI4.3-Herry\system\Format\JSONFormatter.php(41): CodeIgniter\Format\Exceptions\FormatException::forInvalidJSON()
#1 C:\htdocs\Herry\CI4.3-Herry\system\API\ResponseTrait.php(345): CodeIgniter\Format\JSONFormatter->format()
#2 C:\htdocs\Herry\CI4.3-Herry\system\API\ResponseTrait.php(98): CodeIgniter\Debug\Exceptions->format()
#3 C:\htdocs\Herry\CI4.3-Herry\system\Debug\Exceptions.php(150): CodeIgniter\Debug\Exceptions->respond()
#4 [internal function]: CodeIgniter\Debug\Exceptions->exceptionHandler()
#5 {main}
  thrown
ã€Previous Exceptionã€‘
CodeIgniter\Exceptions\PageNotFoundException
Can't find a route for 'get: img/©ñ¤jÃè-icon.png'.
#0 C:\htdocs\Herry\CI4.3-Herry\system\CodeIgniter.php(991): CodeIgniter\Exceptions\PageNotFoundException::forPageNotFound()
#1 C:\htdocs\Herry\CI4.3-Herry\system\CodeIgniter.php(385): CodeIgniter\CodeIgniter->display404errors()
#2 C:\htdocs\Herry\CI4.3-Herry\index.php(84): CodeIgniter\CodeIgniter->run()
#3 {main}
in SYSTEMPATH\Format\JSONFormatter.php on line 41.
 1 [internal function]: CodeIgniter\Debug\Exceptions->shutdownHandler()
INFO - 2024-06-20 16:34:59 --> Session: Class initialized using 'CodeIgniter\Session\Handlers\FileHandler' driver.
CRITICAL - 2024-06-20 16:34:59 --> Uncaught CodeIgniter\Format\Exceptions\FormatException: Failed to parse JSON string. Error: Malformed UTF-8 characters, possibly incorrectly encoded in C:\htdocs\Herry\CI4.3-Herry\system\Format\JSONFormatter.php:41
Stack trace:
#0 C:\htdocs\Herry\CI4.3-Herry\system\Format\JSONFormatter.php(41): CodeIgniter\Format\Exceptions\FormatException::forInvalidJSON()
#1 C:\htdocs\Herry\CI4.3-Herry\system\API\ResponseTrait.php(345): CodeIgniter\Format\JSONFormatter->format()
#2 C:\htdocs\Herry\CI4.3-Herry\system\API\ResponseTrait.php(98): CodeIgniter\Debug\Exceptions->format()
#3 C:\htdocs\Herry\CI4.3-Herry\system\Debug\Exceptions.php(150): CodeIgniter\Debug\Exceptions->respond()
#4 [internal function]: CodeIgniter\Debug\Exceptions->exceptionHandler()
#5 {main}
  thrown
ã€Previous Exceptionã€‘
CodeIgniter\Exceptions\PageNotFoundException
Can't find a route for 'get: img/ÁÊª«°Ó«°-icon.png'.
#0 C:\htdocs\Herry\CI4.3-Herry\system\CodeIgniter.php(991): CodeIgniter\Exceptions\PageNotFoundException::forPageNotFound()
#1 C:\htdocs\Herry\CI4.3-Herry\system\CodeIgniter.php(385): CodeIgniter\CodeIgniter->display404errors()
#2 C:\htdocs\Herry\CI4.3-Herry\index.php(84): CodeIgniter\CodeIgniter->run()
#3 {main}
in SYSTEMPATH\Format\JSONFormatter.php on line 41.
 1 [internal function]: CodeIgniter\Debug\Exceptions->shutdownHandler()
CRITICAL - 2024-06-20 16:34:59 --> Uncaught CodeIgniter\Format\Exceptions\FormatException: Failed to parse JSON string. Error: Malformed UTF-8 characters, possibly incorrectly encoded in C:\htdocs\Herry\CI4.3-Herry\system\Format\JSONFormatter.php:41
Stack trace:
#0 C:\htdocs\Herry\CI4.3-Herry\system\Format\JSONFormatter.php(41): CodeIgniter\Format\Exceptions\FormatException::forInvalidJSON()
#1 C:\htdocs\Herry\CI4.3-Herry\system\API\ResponseTrait.php(345): CodeIgniter\Format\JSONFormatter->format()
#2 C:\htdocs\Herry\CI4.3-Herry\system\API\ResponseTrait.php(98): CodeIgniter\Debug\Exceptions->format()
#3 C:\htdocs\Herry\CI4.3-Herry\system\Debug\Exceptions.php(150): CodeIgniter\Debug\Exceptions->respond()
#4 [internal function]: CodeIgniter\Debug\Exceptions->exceptionHandler()
#5 {main}
  thrown
ã€Previous Exceptionã€‘
CodeIgniter\Exceptions\PageNotFoundException
Can't find a route for 'get: img/·|­ûµn¤J-icon.png'.
#0 C:\htdocs\Herry\CI4.3-Herry\system\CodeIgniter.php(991): CodeIgniter\Exceptions\PageNotFoundException::forPageNotFound()
#1 C:\htdocs\Herry\CI4.3-Herry\system\CodeIgniter.php(385): CodeIgniter\CodeIgniter->display404errors()
#2 C:\htdocs\Herry\CI4.3-Herry\index.php(84): CodeIgniter\CodeIgniter->run()
#3 {main}
in SYSTEMPATH\Format\JSONFormatter.php on line 41.
 1 [internal function]: CodeIgniter\Debug\Exceptions->shutdownHandler()
CRITICAL - 2024-06-20 16:34:59 --> Uncaught CodeIgniter\Format\Exceptions\FormatException: Failed to parse JSON string. Error: Malformed UTF-8 characters, possibly incorrectly encoded in C:\htdocs\Herry\CI4.3-Herry\system\Format\JSONFormatter.php:41
Stack trace:
#0 C:\htdocs\Herry\CI4.3-Herry\system\Format\JSONFormatter.php(41): CodeIgniter\Format\Exceptions\FormatException::forInvalidJSON()
#1 C:\htdocs\Herry\CI4.3-Herry\system\API\ResponseTrait.php(345): CodeIgniter\Format\JSONFormatter->format()
#2 C:\htdocs\Herry\CI4.3-Herry\system\API\ResponseTrait.php(98): CodeIgniter\Debug\Exceptions->format()
#3 C:\htdocs\Herry\CI4.3-Herry\system\Debug\Exceptions.php(150): CodeIgniter\Debug\Exceptions->respond()
#4 [internal function]: CodeIgniter\Debug\Exceptions->exceptionHandler()
#5 {main}
  thrown
ã€Previous Exceptionã€‘
CodeIgniter\Exceptions\PageNotFoundException
Can't find a route for 'get: img/©ñ¤jÃè-icon.png'.
#0 C:\htdocs\Herry\CI4.3-Herry\system\CodeIgniter.php(991): CodeIgniter\Exceptions\PageNotFoundException::forPageNotFound()
#1 C:\htdocs\Herry\CI4.3-Herry\system\CodeIgniter.php(385): CodeIgniter\CodeIgniter->display404errors()
#2 C:\htdocs\Herry\CI4.3-Herry\index.php(84): CodeIgniter\CodeIgniter->run()
#3 {main}
in SYSTEMPATH\Format\JSONFormatter.php on line 41.
 1 [internal function]: CodeIgniter\Debug\Exceptions->shutdownHandler()
INFO - 2024-06-20 16:35:23 --> Session: Class initialized using 'CodeIgniter\Session\Handlers\FileHandler' driver.
CRITICAL - 2024-06-20 16:35:23 --> Uncaught CodeIgniter\Format\Exceptions\FormatException: Failed to parse JSON string. Error: Malformed UTF-8 characters, possibly incorrectly encoded in C:\htdocs\Herry\CI4.3-Herry\system\Format\JSONFormatter.php:41
Stack trace:
#0 C:\htdocs\Herry\CI4.3-Herry\system\Format\JSONFormatter.php(41): CodeIgniter\Format\Exceptions\FormatException::forInvalidJSON()
#1 C:\htdocs\Herry\CI4.3-Herry\system\API\ResponseTrait.php(345): CodeIgniter\Format\JSONFormatter->format()
#2 C:\htdocs\Herry\CI4.3-Herry\system\API\ResponseTrait.php(98): CodeIgniter\Debug\Exceptions->format()
#3 C:\htdocs\Herry\CI4.3-Herry\system\Debug\Exceptions.php(150): CodeIgniter\Debug\Exceptions->respond()
#4 [internal function]: CodeIgniter\Debug\Exceptions->exceptionHandler()
#5 {main}
  thrown
ã€Previous Exceptionã€‘
CodeIgniter\Exceptions\PageNotFoundException
Can't find a route for 'get: img/·|­ûµn¤J-icon.png'.
#0 C:\htdocs\Herry\CI4.3-Herry\system\CodeIgniter.php(991): CodeIgniter\Exceptions\PageNotFoundException::forPageNotFound()
#1 C:\htdocs\Herry\CI4.3-Herry\system\CodeIgniter.php(385): CodeIgniter\CodeIgniter->display404errors()
#2 C:\htdocs\Herry\CI4.3-Herry\index.php(84): CodeIgniter\CodeIgniter->run()
#3 {main}
in SYSTEMPATH\Format\JSONFormatter.php on line 41.
 1 [internal function]: CodeIgniter\Debug\Exceptions->shutdownHandler()
CRITICAL - 2024-06-20 16:35:23 --> Uncaught CodeIgniter\Format\Exceptions\FormatException: Failed to parse JSON string. Error: Malformed UTF-8 characters, possibly incorrectly encoded in C:\htdocs\Herry\CI4.3-Herry\system\Format\JSONFormatter.php:41
Stack trace:
#0 C:\htdocs\Herry\CI4.3-Herry\system\Format\JSONFormatter.php(41): CodeIgniter\Format\Exceptions\FormatException::forInvalidJSON()
#1 C:\htdocs\Herry\CI4.3-Herry\system\API\ResponseTrait.php(345): CodeIgniter\Format\JSONFormatter->format()
#2 C:\htdocs\Herry\CI4.3-Herry\system\API\ResponseTrait.php(98): CodeIgniter\Debug\Exceptions->format()
#3 C:\htdocs\Herry\CI4.3-Herry\system\Debug\Exceptions.php(150): CodeIgniter\Debug\Exceptions->respond()
#4 [internal function]: CodeIgniter\Debug\Exceptions->exceptionHandler()
#5 {main}
  thrown
ã€Previous Exceptionã€‘
CodeIgniter\Exceptions\PageNotFoundException
Can't find a route for 'get: img/ÁÊª«°Ó«°-icon.png'.
#0 C:\htdocs\Herry\CI4.3-Herry\system\CodeIgniter.php(991): CodeIgniter\Exceptions\PageNotFoundException::forPageNotFound()
#1 C:\htdocs\Herry\CI4.3-Herry\system\CodeIgniter.php(385): CodeIgniter\CodeIgniter->display404errors()
#2 C:\htdocs\Herry\CI4.3-Herry\index.php(84): CodeIgniter\CodeIgniter->run()
#3 {main}
in SYSTEMPATH\Format\JSONFormatter.php on line 41.
 1 [internal function]: CodeIgniter\Debug\Exceptions->shutdownHandler()
CRITICAL - 2024-06-20 16:35:23 --> Uncaught CodeIgniter\Format\Exceptions\FormatException: Failed to parse JSON string. Error: Malformed UTF-8 characters, possibly incorrectly encoded in C:\htdocs\Herry\CI4.3-Herry\system\Format\JSONFormatter.php:41
Stack trace:
#0 C:\htdocs\Herry\CI4.3-Herry\system\Format\JSONFormatter.php(41): CodeIgniter\Format\Exceptions\FormatException::forInvalidJSON()
#1 C:\htdocs\Herry\CI4.3-Herry\system\API\ResponseTrait.php(345): CodeIgniter\Format\JSONFormatter->format()
#2 C:\htdocs\Herry\CI4.3-Herry\system\API\ResponseTrait.php(98): CodeIgniter\Debug\Exceptions->format()
#3 C:\htdocs\Herry\CI4.3-Herry\system\Debug\Exceptions.php(150): CodeIgniter\Debug\Exceptions->respond()
#4 [internal function]: CodeIgniter\Debug\Exceptions->exceptionHandler()
#5 {main}
  thrown
ã€Previous Exceptionã€‘
CodeIgniter\Exceptions\PageNotFoundException
Can't find a route for 'get: img/©ñ¤jÃè-icon.png'.
#0 C:\htdocs\Herry\CI4.3-Herry\system\CodeIgniter.php(991): CodeIgniter\Exceptions\PageNotFoundException::forPageNotFound()
#1 C:\htdocs\Herry\CI4.3-Herry\system\CodeIgniter.php(385): CodeIgniter\CodeIgniter->display404errors()
#2 C:\htdocs\Herry\CI4.3-Herry\index.php(84): CodeIgniter\CodeIgniter->run()
#3 {main}
in SYSTEMPATH\Format\JSONFormatter.php on line 41.
 1 [internal function]: CodeIgniter\Debug\Exceptions->shutdownHandler()
INFO - 2024-06-20 16:36:53 --> Session: Class initialized using 'CodeIgniter\Session\Handlers\FileHandler' driver.
INFO - 2024-06-20 16:42:09 --> Session: Class initialized using 'CodeIgniter\Session\Handlers\FileHandler' driver.
INFO - 2024-06-20 16:45:59 --> Session: Class initialized using 'CodeIgniter\Session\Handlers\FileHandler' driver.
INFO - 2024-06-20 16:49:05 --> Session: Class initialized using 'CodeIgniter\Session\Handlers\FileHandler' driver.
INFO - 2024-06-20 16:49:15 --> Session: Class initialized using 'CodeIgniter\Session\Handlers\FileHandler' driver.
INFO - 2024-06-20 16:49:23 --> Session: Class initialized using 'CodeIgniter\Session\Handlers\FileHandler' driver.
INFO - 2024-06-20 16:51:20 --> Session: Class initialized using 'CodeIgniter\Session\Handlers\FileHandler' driver.
INFO - 2024-06-20 16:52:41 --> Session: Class initialized using 'CodeIgniter\Session\Handlers\FileHandler' driver.
INFO - 2024-06-20 16:55:48 --> Session: Class initialized using 'CodeIgniter\Session\Handlers\FileHandler' driver.
INFO - 2024-06-20 16:55:59 --> Session: Class initialized using 'CodeIgniter\Session\Handlers\FileHandler' driver.
INFO - 2024-06-20 16:56:28 --> Session: Class initialized using 'CodeIgniter\Session\Handlers\FileHandler' driver.
INFO - 2024-06-20 16:56:33 --> Session: Class initialized using 'CodeIgniter\Session\Handlers\FileHandler' driver.
INFO - 2024-06-20 16:56:55 --> Session: Class initialized using 'CodeIgniter\Session\Handlers\FileHandler' driver.
INFO - 2024-06-20 16:57:08 --> Session: Class initialized using 'CodeIgniter\Session\Handlers\FileHandler' driver.
INFO - 2024-06-20 17:06:33 --> Session: Class initialized using 'CodeIgniter\Session\Handlers\FileHandler' driver.
INFO - 2024-06-20 17:11:49 --> Session: Class initialized using 'CodeIgniter\Session\Handlers\FileHandler' driver.
INFO - 2024-06-20 17:12:47 --> Session: Class initialized using 'CodeIgniter\Session\Handlers\FileHandler' driver.
INFO - 2024-06-20 17:14:42 --> Session: Class initialized using 'CodeIgniter\Session\Handlers\FileHandler' driver.
INFO - 2024-06-20 17:15:55 --> Session: Class initialized using 'CodeIgniter\Session\Handlers\FileHandler' driver.
INFO - 2024-06-20 17:16:20 --> Session: Class initialized using 'CodeIgniter\Session\Handlers\FileHandler' driver.
INFO - 2024-06-20 17:21:18 --> Session: Class initialized using 'CodeIgniter\Session\Handlers\FileHandler' driver.
CRITICAL - 2024-06-20 17:21:18 --> Invalid file: "templates/header.php"
in SYSTEMPATH\Exceptions\FrameworkException.php on line 33.
 1 SYSTEMPATH\View\View.php(212): CodeIgniter\Exceptions\FrameworkException::forInvalidFile()
 2 SYSTEMPATH\Common.php(1176): CodeIgniter\View\View->render()
 3 APPPATH\Controllers\Ctr\Home.php(19): view()
 4 SYSTEMPATH\CodeIgniter.php(932): App\Controllers\Ctr\Home->view()
 5 SYSTEMPATH\CodeIgniter.php(497): CodeIgniter\CodeIgniter->runController()
 6 SYSTEMPATH\CodeIgniter.php(366): CodeIgniter\CodeIgniter->handleRequest()
 7 FCPATH\index.php(84): CodeIgniter\CodeIgniter->run()
INFO - 2024-06-20 17:28:13 --> Session: Class initialized using 'CodeIgniter\Session\Handlers\FileHandler' driver.
