INFO - 2024-06-27 08:33:36 --> Session: Class initialized using 'CodeIgniter\Session\Handlers\FileHandler' driver.
INFO - 2024-06-27 08:34:10 --> Session: Class initialized using 'CodeIgniter\Session\Handlers\FileHandler' driver.
INFO - 2024-06-27 08:34:10 --> Session: Class initialized using 'CodeIgniter\Session\Handlers\FileHandler' driver.
INFO - 2024-06-27 08:34:11 --> Session: Class initialized using 'CodeIgniter\Session\Handlers\FileHandler' driver.
INFO - 2024-06-27 08:34:11 --> Session: Class initialized using 'CodeIgniter\Session\Handlers\FileHandler' driver.
INFO - 2024-06-27 08:34:11 --> Session: Class initialized using 'CodeIgniter\Session\Handlers\FileHandler' driver.
INFO - 2024-06-27 08:34:11 --> Session: Class initialized using 'CodeIgniter\Session\Handlers\FileHandler' driver.
INFO - 2024-06-27 08:34:43 --> Session: Class initialized using 'CodeIgniter\Session\Handlers\FileHandler' driver.
INFO - 2024-06-27 08:35:27 --> Session: Class initialized using 'CodeIgniter\Session\Handlers\FileHandler' driver.
INFO - 2024-06-27 08:35:43 --> Session: Class initialized using 'CodeIgniter\Session\Handlers\FileHandler' driver.
INFO - 2024-06-27 08:42:31 --> Session: Class initialized using 'CodeIgniter\Session\Handlers\FileHandler' driver.
INFO - 2024-06-27 08:42:32 --> Session: Class initialized using 'CodeIgniter\Session\Handlers\FileHandler' driver.
INFO - 2024-06-27 08:44:36 --> Session: Class initialized using 'CodeIgniter\Session\Handlers\FileHandler' driver.
INFO - 2024-06-27 08:51:18 --> Session: Class initialized using 'CodeIgniter\Session\Handlers\FileHandler' driver.
CRITICAL - 2024-06-27 08:51:19 --> Undefined variable $method
in APPPATH\Controllers\Ctr\BackendPage.php on line 11.
 1 APPPATH\Controllers\Ctr\BackendPage.php(11): CodeIgniter\Debug\Exceptions->errorHandler()
 2 SYSTEMPATH\CodeIgniter.php(932): App\Controllers\Ctr\BackendPage->index()
 3 SYSTEMPATH\CodeIgniter.php(497): CodeIgniter\CodeIgniter->runController()
 4 SYSTEMPATH\CodeIgniter.php(366): CodeIgniter\CodeIgniter->handleRequest()
 5 FCPATH\index.php(84): CodeIgniter\CodeIgniter->run()
INFO - 2024-06-27 08:51:26 --> Session: Class initialized using 'CodeIgniter\Session\Handlers\FileHandler' driver.
INFO - 2024-06-27 08:51:49 --> Session: Class initialized using 'CodeIgniter\Session\Handlers\FileHandler' driver.
INFO - 2024-06-27 08:52:01 --> Session: Class initialized using 'CodeIgniter\Session\Handlers\FileHandler' driver.
INFO - 2024-06-27 08:52:01 --> Session: Class initialized using 'CodeIgniter\Session\Handlers\FileHandler' driver.
INFO - 2024-06-27 08:52:01 --> Session: Class initialized using 'CodeIgniter\Session\Handlers\FileHandler' driver.
INFO - 2024-06-27 08:53:04 --> Session: Class initialized using 'CodeIgniter\Session\Handlers\FileHandler' driver.
INFO - 2024-06-27 08:53:07 --> Session: Class initialized using 'CodeIgniter\Session\Handlers\FileHandler' driver.
INFO - 2024-06-27 08:53:07 --> Session: Class initialized using 'CodeIgniter\Session\Handlers\FileHandler' driver.
INFO - 2024-06-27 08:55:55 --> Session: Class initialized using 'CodeIgniter\Session\Handlers\FileHandler' driver.
INFO - 2024-06-27 08:55:55 --> Session: Class initialized using 'CodeIgniter\Session\Handlers\FileHandler' driver.
INFO - 2024-06-27 08:57:34 --> Session: Class initialized using 'CodeIgniter\Session\Handlers\FileHandler' driver.
INFO - 2024-06-27 08:57:34 --> Session: Class initialized using 'CodeIgniter\Session\Handlers\FileHandler' driver.
INFO - 2024-06-27 09:00:42 --> Session: Class initialized using 'CodeIgniter\Session\Handlers\FileHandler' driver.
CRITICAL - 2024-06-27 09:00:42 --> Undefined variable $products
in APPPATH\Views\Admin\productList.php on line 37.
 1 APPPATH\Views\Admin\productList.php(37): CodeIgniter\Debug\Exceptions->errorHandler()
 2 APPPATH\Views\Admin\Backend_system.php(80): require_once('C:\\htdocs\\Herry\\CI4.3-Herry\\app\\Views\\Admin\\productList.php')
 3 SYSTEMPATH\View\View.php(224): include('C:\\htdocs\\Herry\\CI4.3-Herry\\app\\Views\\Admin\\Backend_system.php')
 4 SYSTEMPATH\View\View.php(227): CodeIgniter\View\View->CodeIgniter\View\{closure}()
 5 SYSTEMPATH\Common.php(1176): CodeIgniter\View\View->render()
 6 APPPATH\Controllers\Ctr\BackendPage.php(11): view()
 7 SYSTEMPATH\CodeIgniter.php(932): App\Controllers\Ctr\BackendPage->index()
 8 SYSTEMPATH\CodeIgniter.php(497): CodeIgniter\CodeIgniter->runController()
 9 SYSTEMPATH\CodeIgniter.php(366): CodeIgniter\CodeIgniter->handleRequest()
10 FCPATH\index.php(84): CodeIgniter\CodeIgniter->run()
INFO - 2024-06-27 09:02:04 --> Session: Class initialized using 'CodeIgniter\Session\Handlers\FileHandler' driver.
CRITICAL - 2024-06-27 09:02:04 --> Undefined variable $products
in APPPATH\Views\Admin\productList.php on line 37.
 1 APPPATH\Views\Admin\productList.php(37): CodeIgniter\Debug\Exceptions->errorHandler()
 2 APPPATH\Views\Admin\Backend_system.php(80): require_once('C:\\htdocs\\Herry\\CI4.3-Herry\\app\\Views\\Admin\\productList.php')
 3 SYSTEMPATH\View\View.php(224): include('C:\\htdocs\\Herry\\CI4.3-Herry\\app\\Views\\Admin\\Backend_system.php')
 4 SYSTEMPATH\View\View.php(227): CodeIgniter\View\View->CodeIgniter\View\{closure}()
 5 SYSTEMPATH\Common.php(1176): CodeIgniter\View\View->render()
 6 APPPATH\Controllers\Ctr\BackendPage.php(11): view()
 7 SYSTEMPATH\CodeIgniter.php(932): App\Controllers\Ctr\BackendPage->index()
 8 SYSTEMPATH\CodeIgniter.php(497): CodeIgniter\CodeIgniter->runController()
 9 SYSTEMPATH\CodeIgniter.php(366): CodeIgniter\CodeIgniter->handleRequest()
10 FCPATH\index.php(84): CodeIgniter\CodeIgniter->run()
INFO - 2024-06-27 09:02:41 --> Session: Class initialized using 'CodeIgniter\Session\Handlers\FileHandler' driver.
CRITICAL - 2024-06-27 09:02:41 --> Undefined variable $products
in APPPATH\Views\Admin\productList.php on line 37.
 1 APPPATH\Views\Admin\productList.php(37): CodeIgniter\Debug\Exceptions->errorHandler()
 2 APPPATH\Views\Admin\Backend_system.php(80): require_once('C:\\htdocs\\Herry\\CI4.3-Herry\\app\\Views\\Admin\\productList.php')
 3 SYSTEMPATH\View\View.php(224): include('C:\\htdocs\\Herry\\CI4.3-Herry\\app\\Views\\Admin\\Backend_system.php')
 4 SYSTEMPATH\View\View.php(227): CodeIgniter\View\View->CodeIgniter\View\{closure}()
 5 SYSTEMPATH\Common.php(1176): CodeIgniter\View\View->render()
 6 APPPATH\Controllers\Ctr\BackendPage.php(11): view()
 7 SYSTEMPATH\CodeIgniter.php(932): App\Controllers\Ctr\BackendPage->index()
 8 SYSTEMPATH\CodeIgniter.php(497): CodeIgniter\CodeIgniter->runController()
 9 SYSTEMPATH\CodeIgniter.php(366): CodeIgniter\CodeIgniter->handleRequest()
10 FCPATH\index.php(84): CodeIgniter\CodeIgniter->run()
INFO - 2024-06-27 09:02:54 --> Session: Class initialized using 'CodeIgniter\Session\Handlers\FileHandler' driver.
INFO - 2024-06-27 09:03:48 --> Session: Class initialized using 'CodeIgniter\Session\Handlers\FileHandler' driver.
INFO - 2024-06-27 09:04:07 --> Session: Class initialized using 'CodeIgniter\Session\Handlers\FileHandler' driver.
CRITICAL - 2024-06-27 09:04:07 --> Undefined variable $products
in APPPATH\Views\Admin\productList.php on line 37.
 1 APPPATH\Views\Admin\productList.php(37): CodeIgniter\Debug\Exceptions->errorHandler()
 2 APPPATH\Views\Admin\Backend_system.php(80): require_once('C:\\htdocs\\Herry\\CI4.3-Herry\\app\\Views\\Admin\\productList.php')
 3 SYSTEMPATH\View\View.php(224): include('C:\\htdocs\\Herry\\CI4.3-Herry\\app\\Views\\Admin\\Backend_system.php')
 4 SYSTEMPATH\View\View.php(227): CodeIgniter\View\View->CodeIgniter\View\{closure}()
 5 SYSTEMPATH\Common.php(1176): CodeIgniter\View\View->render()
 6 APPPATH\Controllers\Ctr\BackendPage.php(11): view()
 7 SYSTEMPATH\CodeIgniter.php(932): App\Controllers\Ctr\BackendPage->index()
 8 SYSTEMPATH\CodeIgniter.php(497): CodeIgniter\CodeIgniter->runController()
 9 SYSTEMPATH\CodeIgniter.php(366): CodeIgniter\CodeIgniter->handleRequest()
10 FCPATH\index.php(84): CodeIgniter\CodeIgniter->run()
INFO - 2024-06-27 09:06:11 --> Session: Class initialized using 'CodeIgniter\Session\Handlers\FileHandler' driver.
CRITICAL - 2024-06-27 09:06:11 --> Undefined variable $product
in APPPATH\Views\Admin\Backend_system.php on line 82.
 1 APPPATH\Views\Admin\Backend_system.php(82): CodeIgniter\Debug\Exceptions->errorHandler()
 2 SYSTEMPATH\View\View.php(224): include('C:\\htdocs\\Herry\\CI4.3-Herry\\app\\Views\\Admin\\Backend_system.php')
 3 SYSTEMPATH\View\View.php(227): CodeIgniter\View\View->CodeIgniter\View\{closure}()
 4 SYSTEMPATH\Common.php(1176): CodeIgniter\View\View->render()
 5 APPPATH\Controllers\Ctr\BackendPage.php(11): view()
 6 SYSTEMPATH\CodeIgniter.php(932): App\Controllers\Ctr\BackendPage->index()
 7 SYSTEMPATH\CodeIgniter.php(497): CodeIgniter\CodeIgniter->runController()
 8 SYSTEMPATH\CodeIgniter.php(366): CodeIgniter\CodeIgniter->handleRequest()
 9 FCPATH\index.php(84): CodeIgniter\CodeIgniter->run()
INFO - 2024-06-27 09:06:17 --> Session: Class initialized using 'CodeIgniter\Session\Handlers\FileHandler' driver.
CRITICAL - 2024-06-27 09:06:17 --> Undefined variable $product
in APPPATH\Views\Admin\Backend_system.php on line 82.
 1 APPPATH\Views\Admin\Backend_system.php(82): CodeIgniter\Debug\Exceptions->errorHandler()
 2 SYSTEMPATH\View\View.php(224): include('C:\\htdocs\\Herry\\CI4.3-Herry\\app\\Views\\Admin\\Backend_system.php')
 3 SYSTEMPATH\View\View.php(227): CodeIgniter\View\View->CodeIgniter\View\{closure}()
 4 SYSTEMPATH\Common.php(1176): CodeIgniter\View\View->render()
 5 APPPATH\Controllers\Ctr\BackendPage.php(11): view()
 6 SYSTEMPATH\CodeIgniter.php(932): App\Controllers\Ctr\BackendPage->index()
 7 SYSTEMPATH\CodeIgniter.php(497): CodeIgniter\CodeIgniter->runController()
 8 SYSTEMPATH\CodeIgniter.php(366): CodeIgniter\CodeIgniter->handleRequest()
 9 FCPATH\index.php(84): CodeIgniter\CodeIgniter->run()
INFO - 2024-06-27 09:06:19 --> Session: Class initialized using 'CodeIgniter\Session\Handlers\FileHandler' driver.
CRITICAL - 2024-06-27 09:06:19 --> Undefined variable $product
in APPPATH\Views\Admin\Backend_system.php on line 82.
 1 APPPATH\Views\Admin\Backend_system.php(82): CodeIgniter\Debug\Exceptions->errorHandler()
 2 SYSTEMPATH\View\View.php(224): include('C:\\htdocs\\Herry\\CI4.3-Herry\\app\\Views\\Admin\\Backend_system.php')
 3 SYSTEMPATH\View\View.php(227): CodeIgniter\View\View->CodeIgniter\View\{closure}()
 4 SYSTEMPATH\Common.php(1176): CodeIgniter\View\View->render()
 5 APPPATH\Controllers\Ctr\BackendPage.php(11): view()
 6 SYSTEMPATH\CodeIgniter.php(932): App\Controllers\Ctr\BackendPage->index()
 7 SYSTEMPATH\CodeIgniter.php(497): CodeIgniter\CodeIgniter->runController()
 8 SYSTEMPATH\CodeIgniter.php(366): CodeIgniter\CodeIgniter->handleRequest()
 9 FCPATH\index.php(84): CodeIgniter\CodeIgniter->run()
INFO - 2024-06-27 09:07:37 --> Session: Class initialized using 'CodeIgniter\Session\Handlers\FileHandler' driver.
CRITICAL - 2024-06-27 09:07:37 --> Undefined variable $products
in APPPATH\Views\Admin\Backend_system.php on line 82.
 1 APPPATH\Views\Admin\Backend_system.php(82): CodeIgniter\Debug\Exceptions->errorHandler()
 2 SYSTEMPATH\View\View.php(224): include('C:\\htdocs\\Herry\\CI4.3-Herry\\app\\Views\\Admin\\Backend_system.php')
 3 SYSTEMPATH\View\View.php(227): CodeIgniter\View\View->CodeIgniter\View\{closure}()
 4 SYSTEMPATH\Common.php(1176): CodeIgniter\View\View->render()
 5 APPPATH\Controllers\Ctr\BackendPage.php(11): view()
 6 SYSTEMPATH\CodeIgniter.php(932): App\Controllers\Ctr\BackendPage->index()
 7 SYSTEMPATH\CodeIgniter.php(497): CodeIgniter\CodeIgniter->runController()
 8 SYSTEMPATH\CodeIgniter.php(366): CodeIgniter\CodeIgniter->handleRequest()
 9 FCPATH\index.php(84): CodeIgniter\CodeIgniter->run()
INFO - 2024-06-27 09:09:21 --> Session: Class initialized using 'CodeIgniter\Session\Handlers\FileHandler' driver.
INFO - 2024-06-27 09:09:57 --> Session: Class initialized using 'CodeIgniter\Session\Handlers\FileHandler' driver.
INFO - 2024-06-27 09:10:26 --> Session: Class initialized using 'CodeIgniter\Session\Handlers\FileHandler' driver.
INFO - 2024-06-27 09:19:19 --> Session: Class initialized using 'CodeIgniter\Session\Handlers\FileHandler' driver.
INFO - 2024-06-27 09:21:17 --> Session: Class initialized using 'CodeIgniter\Session\Handlers\FileHandler' driver.
INFO - 2024-06-27 09:21:20 --> Session: Class initialized using 'CodeIgniter\Session\Handlers\FileHandler' driver.
INFO - 2024-06-27 09:21:22 --> Session: Class initialized using 'CodeIgniter\Session\Handlers\FileHandler' driver.
INFO - 2024-06-27 09:21:23 --> Session: Class initialized using 'CodeIgniter\Session\Handlers\FileHandler' driver.
INFO - 2024-06-27 09:21:24 --> Session: Class initialized using 'CodeIgniter\Session\Handlers\FileHandler' driver.
INFO - 2024-06-27 09:22:11 --> Session: Class initialized using 'CodeIgniter\Session\Handlers\FileHandler' driver.
INFO - 2024-06-27 09:22:14 --> Session: Class initialized using 'CodeIgniter\Session\Handlers\FileHandler' driver.
INFO - 2024-06-27 09:35:24 --> Session: Class initialized using 'CodeIgniter\Session\Handlers\FileHandler' driver.
CRITICAL - 2024-06-27 09:35:24 --> Cannot use object of type stdClass as array
in APPPATH\Views\Admin\productList.php on line 43.
 1 APPPATH\Views\Admin\Backend_system.php(80): require_once()
 2 SYSTEMPATH\View\View.php(224): include('C:\\htdocs\\Herry\\CI4.3-Herry\\app\\Views\\Admin\\Backend_system.php')
 3 SYSTEMPATH\View\View.php(227): CodeIgniter\View\View->CodeIgniter\View\{closure}()
 4 SYSTEMPATH\Common.php(1176): CodeIgniter\View\View->render()
 5 APPPATH\Controllers\Ctr\BackendPage.php(27): view()
 6 SYSTEMPATH\CodeIgniter.php(932): App\Controllers\Ctr\BackendPage->index()
 7 SYSTEMPATH\CodeIgniter.php(497): CodeIgniter\CodeIgniter->runController()
 8 SYSTEMPATH\CodeIgniter.php(366): CodeIgniter\CodeIgniter->handleRequest()
 9 FCPATH\index.php(84): CodeIgniter\CodeIgniter->run()
INFO - 2024-06-27 09:37:01 --> Session: Class initialized using 'CodeIgniter\Session\Handlers\FileHandler' driver.
CRITICAL - 2024-06-27 09:37:01 --> Array to string conversion
in APPPATH\Views\Admin\Backend_system.php on line 82.
 1 APPPATH\Views\Admin\Backend_system.php(82): CodeIgniter\Debug\Exceptions->errorHandler()
 2 SYSTEMPATH\View\View.php(224): include('C:\\htdocs\\Herry\\CI4.3-Herry\\app\\Views\\Admin\\Backend_system.php')
 3 SYSTEMPATH\View\View.php(227): CodeIgniter\View\View->CodeIgniter\View\{closure}()
 4 SYSTEMPATH\Common.php(1176): CodeIgniter\View\View->render()
 5 APPPATH\Controllers\Ctr\BackendPage.php(27): view()
 6 SYSTEMPATH\CodeIgniter.php(932): App\Controllers\Ctr\BackendPage->index()
 7 SYSTEMPATH\CodeIgniter.php(497): CodeIgniter\CodeIgniter->runController()
 8 SYSTEMPATH\CodeIgniter.php(366): CodeIgniter\CodeIgniter->handleRequest()
 9 FCPATH\index.php(84): CodeIgniter\CodeIgniter->run()
INFO - 2024-06-27 09:37:23 --> Session: Class initialized using 'CodeIgniter\Session\Handlers\FileHandler' driver.
INFO - 2024-06-27 09:38:30 --> Session: Class initialized using 'CodeIgniter\Session\Handlers\FileHandler' driver.
INFO - 2024-06-27 09:38:41 --> Session: Class initialized using 'CodeIgniter\Session\Handlers\FileHandler' driver.
CRITICAL - 2024-06-27 09:38:41 --> Cannot use object of type stdClass as array
in APPPATH\Views\Admin\productList.php on line 44.
 1 APPPATH\Views\Admin\Backend_system.php(81): require_once()
 2 SYSTEMPATH\View\View.php(224): include('C:\\htdocs\\Herry\\CI4.3-Herry\\app\\Views\\Admin\\Backend_system.php')
 3 SYSTEMPATH\View\View.php(227): CodeIgniter\View\View->CodeIgniter\View\{closure}()
 4 SYSTEMPATH\Common.php(1176): CodeIgniter\View\View->render()
 5 APPPATH\Controllers\Ctr\BackendPage.php(27): view()
 6 SYSTEMPATH\CodeIgniter.php(932): App\Controllers\Ctr\BackendPage->index()
 7 SYSTEMPATH\CodeIgniter.php(497): CodeIgniter\CodeIgniter->runController()
 8 SYSTEMPATH\CodeIgniter.php(366): CodeIgniter\CodeIgniter->handleRequest()
 9 FCPATH\index.php(84): CodeIgniter\CodeIgniter->run()
INFO - 2024-06-27 09:39:41 --> Session: Class initialized using 'CodeIgniter\Session\Handlers\FileHandler' driver.
CRITICAL - 2024-06-27 09:39:41 --> Cannot use object of type stdClass as array
in APPPATH\Views\Admin\productList.php on line 46.
 1 APPPATH\Views\Admin\Backend_system.php(81): require_once()
 2 SYSTEMPATH\View\View.php(224): include('C:\\htdocs\\Herry\\CI4.3-Herry\\app\\Views\\Admin\\Backend_system.php')
 3 SYSTEMPATH\View\View.php(227): CodeIgniter\View\View->CodeIgniter\View\{closure}()
 4 SYSTEMPATH\Common.php(1176): CodeIgniter\View\View->render()
 5 APPPATH\Controllers\Ctr\BackendPage.php(27): view()
 6 SYSTEMPATH\CodeIgniter.php(932): App\Controllers\Ctr\BackendPage->index()
 7 SYSTEMPATH\CodeIgniter.php(497): CodeIgniter\CodeIgniter->runController()
 8 SYSTEMPATH\CodeIgniter.php(366): CodeIgniter\CodeIgniter->handleRequest()
 9 FCPATH\index.php(84): CodeIgniter\CodeIgniter->run()
INFO - 2024-06-27 09:40:52 --> Session: Class initialized using 'CodeIgniter\Session\Handlers\FileHandler' driver.
CRITICAL - 2024-06-27 09:40:52 --> Cannot use object of type stdClass as array
in APPPATH\Views\Admin\productList.php on line 41.
 1 APPPATH\Views\Admin\Backend_system.php(81): require_once()
 2 SYSTEMPATH\View\View.php(224): include('C:\\htdocs\\Herry\\CI4.3-Herry\\app\\Views\\Admin\\Backend_system.php')
 3 SYSTEMPATH\View\View.php(227): CodeIgniter\View\View->CodeIgniter\View\{closure}()
 4 SYSTEMPATH\Common.php(1176): CodeIgniter\View\View->render()
 5 APPPATH\Controllers\Ctr\BackendPage.php(27): view()
 6 SYSTEMPATH\CodeIgniter.php(932): App\Controllers\Ctr\BackendPage->index()
 7 SYSTEMPATH\CodeIgniter.php(497): CodeIgniter\CodeIgniter->runController()
 8 SYSTEMPATH\CodeIgniter.php(366): CodeIgniter\CodeIgniter->handleRequest()
 9 FCPATH\index.php(84): CodeIgniter\CodeIgniter->run()
INFO - 2024-06-27 09:41:03 --> Session: Class initialized using 'CodeIgniter\Session\Handlers\FileHandler' driver.
CRITICAL - 2024-06-27 09:41:03 --> Cannot use object of type stdClass as array
in APPPATH\Views\Admin\productList.php on line 41.
 1 APPPATH\Views\Admin\Backend_system.php(81): require_once()
 2 SYSTEMPATH\View\View.php(224): include('C:\\htdocs\\Herry\\CI4.3-Herry\\app\\Views\\Admin\\Backend_system.php')
 3 SYSTEMPATH\View\View.php(227): CodeIgniter\View\View->CodeIgniter\View\{closure}()
 4 SYSTEMPATH\Common.php(1176): CodeIgniter\View\View->render()
 5 APPPATH\Controllers\Ctr\BackendPage.php(27): view()
 6 SYSTEMPATH\CodeIgniter.php(932): App\Controllers\Ctr\BackendPage->index()
 7 SYSTEMPATH\CodeIgniter.php(497): CodeIgniter\CodeIgniter->runController()
 8 SYSTEMPATH\CodeIgniter.php(366): CodeIgniter\CodeIgniter->handleRequest()
 9 FCPATH\index.php(84): CodeIgniter\CodeIgniter->run()
INFO - 2024-06-27 09:41:56 --> Session: Class initialized using 'CodeIgniter\Session\Handlers\FileHandler' driver.
INFO - 2024-06-27 09:42:47 --> Session: Class initialized using 'CodeIgniter\Session\Handlers\FileHandler' driver.
CRITICAL - 2024-06-27 09:42:47 --> Object of class stdClass could not be converted to string
in APPPATH\Views\Admin\productList.php on line 37.
 1 APPPATH\Views\Admin\Backend_system.php(81): require_once()
 2 SYSTEMPATH\View\View.php(224): include('C:\\htdocs\\Herry\\CI4.3-Herry\\app\\Views\\Admin\\Backend_system.php')
 3 SYSTEMPATH\View\View.php(227): CodeIgniter\View\View->CodeIgniter\View\{closure}()
 4 SYSTEMPATH\Common.php(1176): CodeIgniter\View\View->render()
 5 APPPATH\Controllers\Ctr\BackendPage.php(27): view()
 6 SYSTEMPATH\CodeIgniter.php(932): App\Controllers\Ctr\BackendPage->index()
 7 SYSTEMPATH\CodeIgniter.php(497): CodeIgniter\CodeIgniter->runController()
 8 SYSTEMPATH\CodeIgniter.php(366): CodeIgniter\CodeIgniter->handleRequest()
 9 FCPATH\index.php(84): CodeIgniter\CodeIgniter->run()
INFO - 2024-06-27 09:43:03 --> Session: Class initialized using 'CodeIgniter\Session\Handlers\FileHandler' driver.
INFO - 2024-06-27 09:43:29 --> Session: Class initialized using 'CodeIgniter\Session\Handlers\FileHandler' driver.
INFO - 2024-06-27 09:46:45 --> Session: Class initialized using 'CodeIgniter\Session\Handlers\FileHandler' driver.
CRITICAL - 2024-06-27 09:46:45 --> syntax error, unexpected token "[", expecting identifier or variable or "{" or "$"
in APPPATH\Views\Admin\productList.php on line 37.
 1 SYSTEMPATH\View\View.php(224): include()
 2 SYSTEMPATH\View\View.php(227): CodeIgniter\View\View->CodeIgniter\View\{closure}()
 3 SYSTEMPATH\Common.php(1176): CodeIgniter\View\View->render()
 4 APPPATH\Controllers\Ctr\BackendPage.php(27): view()
 5 SYSTEMPATH\CodeIgniter.php(932): App\Controllers\Ctr\BackendPage->index()
 6 SYSTEMPATH\CodeIgniter.php(497): CodeIgniter\CodeIgniter->runController()
 7 SYSTEMPATH\CodeIgniter.php(366): CodeIgniter\CodeIgniter->handleRequest()
 8 FCPATH\index.php(84): CodeIgniter\CodeIgniter->run()
INFO - 2024-06-27 09:47:07 --> Session: Class initialized using 'CodeIgniter\Session\Handlers\FileHandler' driver.
INFO - 2024-06-27 09:47:47 --> Session: Class initialized using 'CodeIgniter\Session\Handlers\FileHandler' driver.
INFO - 2024-06-27 09:48:32 --> Session: Class initialized using 'CodeIgniter\Session\Handlers\FileHandler' driver.
INFO - 2024-06-27 09:50:03 --> Session: Class initialized using 'CodeIgniter\Session\Handlers\FileHandler' driver.
CRITICAL - 2024-06-27 10:49:21 --> syntax error, unexpected token "=>", expecting "]"
in APPPATH\Controllers\Ctr\BackendPage.php on line 19.
 1 SYSTEMPATH\Autoloader\Autoloader.php(289): CodeIgniter\Autoloader\Autoloader->includeFile()
 2 SYSTEMPATH\Autoloader\Autoloader.php(267): CodeIgniter\Autoloader\Autoloader->loadInNamespace()
 3 [internal function]: CodeIgniter\Autoloader\Autoloader->loadClass()
 4 SYSTEMPATH\CodeIgniter.php(890): class_exists()
 5 SYSTEMPATH\CodeIgniter.php(484): CodeIgniter\CodeIgniter->startController()
 6 SYSTEMPATH\CodeIgniter.php(366): CodeIgniter\CodeIgniter->handleRequest()
 7 FCPATH\index.php(84): CodeIgniter\CodeIgniter->run()
INFO - 2024-06-27 10:52:35 --> Session: Class initialized using 'CodeIgniter\Session\Handlers\FileHandler' driver.
INFO - 2024-06-27 11:50:02 --> Session: Class initialized using 'CodeIgniter\Session\Handlers\FileHandler' driver.
INFO - 2024-06-27 14:52:23 --> Session: Class initialized using 'CodeIgniter\Session\Handlers\FileHandler' driver.
INFO - 2024-06-27 14:53:05 --> Session: Class initialized using 'CodeIgniter\Session\Handlers\FileHandler' driver.
INFO - 2024-06-27 14:54:15 --> Session: Class initialized using 'CodeIgniter\Session\Handlers\FileHandler' driver.
INFO - 2024-06-27 14:54:17 --> Session: Class initialized using 'CodeIgniter\Session\Handlers\FileHandler' driver.
INFO - 2024-06-27 15:35:23 --> Session: Class initialized using 'CodeIgniter\Session\Handlers\FileHandler' driver.
ERROR - 2024-06-27 15:35:23 --> mysqli_sql_exception: Undeclared variable: $perPage in C:\htdocs\Herry\CI4.3-Herry\system\Database\MySQLi\Connection.php:295
Stack trace:
#0 C:\htdocs\Herry\CI4.3-Herry\system\Database\MySQLi\Connection.php(295): mysqli->query()
#1 C:\htdocs\Herry\CI4.3-Herry\system\Database\BaseConnection.php(692): CodeIgniter\Database\MySQLi\Connection->execute()
#2 C:\htdocs\Herry\CI4.3-Herry\system\Database\BaseConnection.php(606): CodeIgniter\Database\BaseConnection->simpleQuery()
#3 C:\htdocs\Herry\CI4.3-Herry\app\Controllers\Ctr\BackendPage.php(21): CodeIgniter\Database\BaseConnection->query()
#4 C:\htdocs\Herry\CI4.3-Herry\system\CodeIgniter.php(932): App\Controllers\Ctr\BackendPage->index()
#5 C:\htdocs\Herry\CI4.3-Herry\system\CodeIgniter.php(497): CodeIgniter\CodeIgniter->runController()
#6 C:\htdocs\Herry\CI4.3-Herry\system\CodeIgniter.php(366): CodeIgniter\CodeIgniter->handleRequest()
#7 C:\htdocs\Herry\CI4.3-Herry\index.php(84): CodeIgniter\CodeIgniter->run()
#8 {main}
CRITICAL - 2024-06-27 15:35:23 --> Undeclared variable: $perPage
in SYSTEMPATH\Database\MySQLi\Connection.php on line 295.
 1 SYSTEMPATH\Database\MySQLi\Connection.php(295): mysqli->query()
 2 SYSTEMPATH\Database\BaseConnection.php(692): CodeIgniter\Database\MySQLi\Connection->execute()
 3 SYSTEMPATH\Database\BaseConnection.php(606): CodeIgniter\Database\BaseConnection->simpleQuery()
 4 APPPATH\Controllers\Ctr\BackendPage.php(21): CodeIgniter\Database\BaseConnection->query()
 5 SYSTEMPATH\CodeIgniter.php(932): App\Controllers\Ctr\BackendPage->index()
 6 SYSTEMPATH\CodeIgniter.php(497): CodeIgniter\CodeIgniter->runController()
 7 SYSTEMPATH\CodeIgniter.php(366): CodeIgniter\CodeIgniter->handleRequest()
 8 FCPATH\index.php(84): CodeIgniter\CodeIgniter->run()
INFO - 2024-06-27 15:36:02 --> Session: Class initialized using 'CodeIgniter\Session\Handlers\FileHandler' driver.
INFO - 2024-06-27 15:36:30 --> Session: Class initialized using 'CodeIgniter\Session\Handlers\FileHandler' driver.
INFO - 2024-06-27 15:36:31 --> Session: Class initialized using 'CodeIgniter\Session\Handlers\FileHandler' driver.
INFO - 2024-06-27 15:36:46 --> Session: Class initialized using 'CodeIgniter\Session\Handlers\FileHandler' driver.
CRITICAL - 2024-06-27 15:36:46 --> Object of class CodeIgniter\Pager\Pager could not be converted to string
in APPPATH\Views\Admin\adminList.php on line 54.
 1 APPPATH\Views\Admin\Backend_system.php(91): require_once()
 2 SYSTEMPATH\View\View.php(224): include('C:\\htdocs\\Herry\\CI4.3-Herry\\app\\Views\\Admin\\Backend_system.php')
 3 SYSTEMPATH\View\View.php(227): CodeIgniter\View\View->CodeIgniter\View\{closure}()
 4 SYSTEMPATH\Common.php(1176): CodeIgniter\View\View->render()
 5 APPPATH\Controllers\Ctr\BackendPage.php(38): view()
 6 SYSTEMPATH\CodeIgniter.php(932): App\Controllers\Ctr\BackendPage->index()
 7 SYSTEMPATH\CodeIgniter.php(497): CodeIgniter\CodeIgniter->runController()
 8 SYSTEMPATH\CodeIgniter.php(366): CodeIgniter\CodeIgniter->handleRequest()
 9 FCPATH\index.php(84): CodeIgniter\CodeIgniter->run()
INFO - 2024-06-27 15:37:14 --> Session: Class initialized using 'CodeIgniter\Session\Handlers\FileHandler' driver.
CRITICAL - 2024-06-27 15:37:14 --> Undefined variable $pagers
in APPPATH\Views\Admin\adminList.php on line 54.
 1 APPPATH\Views\Admin\adminList.php(54): CodeIgniter\Debug\Exceptions->errorHandler()
 2 APPPATH\Views\Admin\Backend_system.php(91): require_once('C:\\htdocs\\Herry\\CI4.3-Herry\\app\\Views\\Admin\\adminList.php')
 3 SYSTEMPATH\View\View.php(224): include('C:\\htdocs\\Herry\\CI4.3-Herry\\app\\Views\\Admin\\Backend_system.php')
 4 SYSTEMPATH\View\View.php(227): CodeIgniter\View\View->CodeIgniter\View\{closure}()
 5 SYSTEMPATH\Common.php(1176): CodeIgniter\View\View->render()
 6 APPPATH\Controllers\Ctr\BackendPage.php(38): view()
 7 SYSTEMPATH\CodeIgniter.php(932): App\Controllers\Ctr\BackendPage->index()
 8 SYSTEMPATH\CodeIgniter.php(497): CodeIgniter\CodeIgniter->runController()
 9 SYSTEMPATH\CodeIgniter.php(366): CodeIgniter\CodeIgniter->handleRequest()
10 FCPATH\index.php(84): CodeIgniter\CodeIgniter->run()
INFO - 2024-06-27 15:37:52 --> Session: Class initialized using 'CodeIgniter\Session\Handlers\FileHandler' driver.
INFO - 2024-06-27 16:01:25 --> Session: Class initialized using 'CodeIgniter\Session\Handlers\FileHandler' driver.
INFO - 2024-06-27 16:02:13 --> Session: Class initialized using 'CodeIgniter\Session\Handlers\FileHandler' driver.
INFO - 2024-06-27 16:02:32 --> Session: Class initialized using 'CodeIgniter\Session\Handlers\FileHandler' driver.
INFO - 2024-06-27 16:02:41 --> Session: Class initialized using 'CodeIgniter\Session\Handlers\FileHandler' driver.
INFO - 2024-06-27 16:02:48 --> Session: Class initialized using 'CodeIgniter\Session\Handlers\FileHandler' driver.
INFO - 2024-06-27 16:10:32 --> Session: Class initialized using 'CodeIgniter\Session\Handlers\FileHandler' driver.
INFO - 2024-06-27 16:10:40 --> Session: Class initialized using 'CodeIgniter\Session\Handlers\FileHandler' driver.
INFO - 2024-06-27 16:10:53 --> Session: Class initialized using 'CodeIgniter\Session\Handlers\FileHandler' driver.
INFO - 2024-06-27 16:20:29 --> Session: Class initialized using 'CodeIgniter\Session\Handlers\FileHandler' driver.
INFO - 2024-06-27 16:20:34 --> Session: Class initialized using 'CodeIgniter\Session\Handlers\FileHandler' driver.
INFO - 2024-06-27 16:21:42 --> Session: Class initialized using 'CodeIgniter\Session\Handlers\FileHandler' driver.
INFO - 2024-06-27 16:21:49 --> Session: Class initialized using 'CodeIgniter\Session\Handlers\FileHandler' driver.
INFO - 2024-06-27 16:25:43 --> Session: Class initialized using 'CodeIgniter\Session\Handlers\FileHandler' driver.
INFO - 2024-06-27 16:25:53 --> Session: Class initialized using 'CodeIgniter\Session\Handlers\FileHandler' driver.
CRITICAL - 2024-06-27 16:25:53 --> Undefined variable $pager
in APPPATH\Views\Admin\adminList.php on line 57.
 1 APPPATH\Views\Admin\adminList.php(57): CodeIgniter\Debug\Exceptions->errorHandler()
 2 SYSTEMPATH\View\View.php(224): include('C:\\htdocs\\Herry\\CI4.3-Herry\\app\\Views\\Admin\\adminList.php')
 3 SYSTEMPATH\View\View.php(227): CodeIgniter\View\View->CodeIgniter\View\{closure}()
 4 SYSTEMPATH\Common.php(1176): CodeIgniter\View\View->render()
 5 APPPATH\Controllers\Ctr\TEST.php(15): view()
 6 SYSTEMPATH\CodeIgniter.php(932): App\Controllers\Ctr\TEST->index()
 7 SYSTEMPATH\CodeIgniter.php(497): CodeIgniter\CodeIgniter->runController()
 8 SYSTEMPATH\CodeIgniter.php(366): CodeIgniter\CodeIgniter->handleRequest()
 9 FCPATH\index.php(84): CodeIgniter\CodeIgniter->run()
INFO - 2024-06-27 16:26:44 --> Session: Class initialized using 'CodeIgniter\Session\Handlers\FileHandler' driver.
INFO - 2024-06-27 16:26:48 --> Session: Class initialized using 'CodeIgniter\Session\Handlers\FileHandler' driver.
INFO - 2024-06-27 16:26:53 --> Session: Class initialized using 'CodeIgniter\Session\Handlers\FileHandler' driver.
INFO - 2024-06-27 16:27:02 --> Session: Class initialized using 'CodeIgniter\Session\Handlers\FileHandler' driver.
INFO - 2024-06-27 16:27:02 --> Session: Class initialized using 'CodeIgniter\Session\Handlers\FileHandler' driver.
INFO - 2024-06-27 16:35:24 --> Session: Class initialized using 'CodeIgniter\Session\Handlers\FileHandler' driver.
INFO - 2024-06-27 16:35:25 --> Session: Class initialized using 'CodeIgniter\Session\Handlers\FileHandler' driver.
INFO - 2024-06-27 16:35:40 --> Session: Class initialized using 'CodeIgniter\Session\Handlers\FileHandler' driver.
INFO - 2024-06-27 16:35:46 --> Session: Class initialized using 'CodeIgniter\Session\Handlers\FileHandler' driver.
INFO - 2024-06-27 16:37:31 --> Session: Class initialized using 'CodeIgniter\Session\Handlers\FileHandler' driver.
INFO - 2024-06-27 16:37:34 --> Session: Class initialized using 'CodeIgniter\Session\Handlers\FileHandler' driver.
INFO - 2024-06-27 16:37:45 --> Session: Class initialized using 'CodeIgniter\Session\Handlers\FileHandler' driver.
INFO - 2024-06-27 16:37:48 --> Session: Class initialized using 'CodeIgniter\Session\Handlers\FileHandler' driver.
INFO - 2024-06-27 16:37:49 --> Session: Class initialized using 'CodeIgniter\Session\Handlers\FileHandler' driver.
INFO - 2024-06-27 16:38:17 --> Session: Class initialized using 'CodeIgniter\Session\Handlers\FileHandler' driver.
INFO - 2024-06-27 16:38:34 --> Session: Class initialized using 'CodeIgniter\Session\Handlers\FileHandler' driver.
INFO - 2024-06-27 16:39:14 --> Session: Class initialized using 'CodeIgniter\Session\Handlers\FileHandler' driver.
INFO - 2024-06-27 16:39:20 --> Session: Class initialized using 'CodeIgniter\Session\Handlers\FileHandler' driver.
INFO - 2024-06-27 16:44:58 --> Session: Class initialized using 'CodeIgniter\Session\Handlers\FileHandler' driver.
INFO - 2024-06-27 16:45:02 --> Session: Class initialized using 'CodeIgniter\Session\Handlers\FileHandler' driver.
INFO - 2024-06-27 16:47:21 --> Session: Class initialized using 'CodeIgniter\Session\Handlers\FileHandler' driver.
CRITICAL - 2024-06-27 16:47:21 --> Undefined variable $segment
in APPPATH\Controllers\Ctr\BackendPage.php on line 26.
 1 APPPATH\Controllers\Ctr\BackendPage.php(26): CodeIgniter\Debug\Exceptions->errorHandler()
 2 SYSTEMPATH\CodeIgniter.php(932): App\Controllers\Ctr\BackendPage->index()
 3 SYSTEMPATH\CodeIgniter.php(497): CodeIgniter\CodeIgniter->runController()
 4 SYSTEMPATH\CodeIgniter.php(366): CodeIgniter\CodeIgniter->handleRequest()
 5 FCPATH\index.php(84): CodeIgniter\CodeIgniter->run()
INFO - 2024-06-27 16:48:08 --> Session: Class initialized using 'CodeIgniter\Session\Handlers\FileHandler' driver.
INFO - 2024-06-27 16:48:15 --> Session: Class initialized using 'CodeIgniter\Session\Handlers\FileHandler' driver.
INFO - 2024-06-27 16:48:18 --> Session: Class initialized using 'CodeIgniter\Session\Handlers\FileHandler' driver.
INFO - 2024-06-27 16:49:44 --> Session: Class initialized using 'CodeIgniter\Session\Handlers\FileHandler' driver.
INFO - 2024-06-27 16:55:11 --> Session: Class initialized using 'CodeIgniter\Session\Handlers\FileHandler' driver.
INFO - 2024-06-27 16:55:18 --> Session: Class initialized using 'CodeIgniter\Session\Handlers\FileHandler' driver.
INFO - 2024-06-27 16:55:24 --> Session: Class initialized using 'CodeIgniter\Session\Handlers\FileHandler' driver.
INFO - 2024-06-27 16:55:25 --> Session: Class initialized using 'CodeIgniter\Session\Handlers\FileHandler' driver.
INFO - 2024-06-27 16:57:01 --> Session: Class initialized using 'CodeIgniter\Session\Handlers\FileHandler' driver.
INFO - 2024-06-27 17:06:13 --> Session: Class initialized using 'CodeIgniter\Session\Handlers\FileHandler' driver.
INFO - 2024-06-27 17:06:16 --> Session: Class initialized using 'CodeIgniter\Session\Handlers\FileHandler' driver.
INFO - 2024-06-27 17:06:22 --> Session: Class initialized using 'CodeIgniter\Session\Handlers\FileHandler' driver.
INFO - 2024-06-27 17:06:29 --> Session: Class initialized using 'CodeIgniter\Session\Handlers\FileHandler' driver.
INFO - 2024-06-27 17:06:51 --> Session: Class initialized using 'CodeIgniter\Session\Handlers\FileHandler' driver.
INFO - 2024-06-27 17:07:04 --> Session: Class initialized using 'CodeIgniter\Session\Handlers\FileHandler' driver.
INFO - 2024-06-27 17:07:11 --> Session: Class initialized using 'CodeIgniter\Session\Handlers\FileHandler' driver.
INFO - 2024-06-27 17:07:20 --> Session: Class initialized using 'CodeIgniter\Session\Handlers\FileHandler' driver.
INFO - 2024-06-27 17:07:35 --> Session: Class initialized using 'CodeIgniter\Session\Handlers\FileHandler' driver.
INFO - 2024-06-27 17:10:20 --> Session: Class initialized using 'CodeIgniter\Session\Handlers\FileHandler' driver.
CRITICAL - 2024-06-27 17:10:21 --> CodeIgniter\BaseModel::paginate(): Argument #2 ($group) must be of type string, null given, called in C:\htdocs\Herry\CI4.3-Herry\app\Controllers\Ctr\BackendPage.php on line 26
in SYSTEMPATH\BaseModel.php on line 1177.
 1 APPPATH\Controllers\Ctr\BackendPage.php(26): CodeIgniter\BaseModel->paginate()
 2 SYSTEMPATH\CodeIgniter.php(932): App\Controllers\Ctr\BackendPage->index()
 3 SYSTEMPATH\CodeIgniter.php(497): CodeIgniter\CodeIgniter->runController()
 4 SYSTEMPATH\CodeIgniter.php(366): CodeIgniter\CodeIgniter->handleRequest()
 5 FCPATH\index.php(84): CodeIgniter\CodeIgniter->run()
INFO - 2024-06-27 17:10:33 --> Session: Class initialized using 'CodeIgniter\Session\Handlers\FileHandler' driver.
CRITICAL - 2024-06-27 17:10:33 --> CodeIgniter\BaseModel::paginate(): Argument #2 ($group) must be of type string, null given, called in C:\htdocs\Herry\CI4.3-Herry\app\Controllers\Ctr\BackendPage.php on line 26
in SYSTEMPATH\BaseModel.php on line 1177.
 1 APPPATH\Controllers\Ctr\BackendPage.php(26): CodeIgniter\BaseModel->paginate()
 2 SYSTEMPATH\CodeIgniter.php(932): App\Controllers\Ctr\BackendPage->index()
 3 SYSTEMPATH\CodeIgniter.php(497): CodeIgniter\CodeIgniter->runController()
 4 SYSTEMPATH\CodeIgniter.php(366): CodeIgniter\CodeIgniter->handleRequest()
 5 FCPATH\index.php(84): CodeIgniter\CodeIgniter->run()
INFO - 2024-06-27 17:10:34 --> Session: Class initialized using 'CodeIgniter\Session\Handlers\FileHandler' driver.
CRITICAL - 2024-06-27 17:10:34 --> CodeIgniter\BaseModel::paginate(): Argument #2 ($group) must be of type string, null given, called in C:\htdocs\Herry\CI4.3-Herry\app\Controllers\Ctr\BackendPage.php on line 26
in SYSTEMPATH\BaseModel.php on line 1177.
 1 APPPATH\Controllers\Ctr\BackendPage.php(26): CodeIgniter\BaseModel->paginate()
 2 SYSTEMPATH\CodeIgniter.php(932): App\Controllers\Ctr\BackendPage->index()
 3 SYSTEMPATH\CodeIgniter.php(497): CodeIgniter\CodeIgniter->runController()
 4 SYSTEMPATH\CodeIgniter.php(366): CodeIgniter\CodeIgniter->handleRequest()
 5 FCPATH\index.php(84): CodeIgniter\CodeIgniter->run()
INFO - 2024-06-27 17:11:01 --> Session: Class initialized using 'CodeIgniter\Session\Handlers\FileHandler' driver.
INFO - 2024-06-27 17:12:00 --> Session: Class initialized using 'CodeIgniter\Session\Handlers\FileHandler' driver.
INFO - 2024-06-27 17:12:04 --> Session: Class initialized using 'CodeIgniter\Session\Handlers\FileHandler' driver.
INFO - 2024-06-27 17:12:06 --> Session: Class initialized using 'CodeIgniter\Session\Handlers\FileHandler' driver.
INFO - 2024-06-27 17:12:18 --> Session: Class initialized using 'CodeIgniter\Session\Handlers\FileHandler' driver.
INFO - 2024-06-27 17:12:24 --> Session: Class initialized using 'CodeIgniter\Session\Handlers\FileHandler' driver.
INFO - 2024-06-27 17:12:41 --> Session: Class initialized using 'CodeIgniter\Session\Handlers\FileHandler' driver.
INFO - 2024-06-27 17:12:47 --> Session: Class initialized using 'CodeIgniter\Session\Handlers\FileHandler' driver.
